0 info it worked if it ends with ok
1 verbose cli [ '/usr/local/bin/node', '/usr/local/bin/npm', 'search', 'json' ]
2 info using npm@1.3.14
3 info using node@v0.10.24
4 verbose exit [ 0, true ]
5 verbose url raw /-/all/since?stale=update_after&startkey=1426648058620
6 verbose url resolving [ 'https://registry.npmjs.org/',
6 verbose url resolving   './-/all/since?stale=update_after&startkey=1426648058620' ]
7 verbose url resolved https://registry.npmjs.org/-/all/since?stale=update_after&startkey=1426648058620
8 info trying registry request attempt 1 at 23:10:06
9 http GET https://registry.npmjs.org/-/all/since?stale=update_after&startkey=1426648058620
10 error Error: write EPIPE
10 error     at errnoException (net.js:901:11)
10 error     at Object.afterWrite (net.js:718:19)
11 error If you need help, you may report this log at:
11 error     <http://github.com/isaacs/npm/issues>
11 error or email it to:
11 error     <npm-@googlegroups.com>
12 error System Linux 3.8.11
13 error command "/usr/local/bin/node" "/usr/local/bin/npm" "search" "json"
14 error cwd /home/kevin/Development/book-learnin
15 error node -v v0.10.24
16 error npm -v 1.3.14
17 error syscall write
18 error code EPIPE
19 error errno EPIPE
20 verbose exit [ 1, true ]
