

Started GET "/" for 127.0.0.1 at 2015-01-16 01:09:17 -0500
Processing by Rails::WelcomeController#index as HTML
  Rendered /Users/kevin/.rvm/gems/ruby-2.1.0/gems/railties-4.2.0/lib/rails/templates/rails/welcome/index.html.erb (1.7ms)
Completed 200 OK in 25ms (Views: 9.6ms | ActiveRecord: 0.0ms)


Started GET "/rails/info/properties" for 127.0.0.1 at 2015-01-16 01:09:20 -0500
Processing by Rails::InfoController#properties as HTML
  Rendered /Users/kevin/.rvm/gems/ruby-2.1.0/gems/railties-4.2.0/lib/rails/templates/rails/info/properties.html.erb (0.4ms)
Completed 200 OK in 31ms (Views: 8.7ms | ActiveRecord: 1.4ms)
  [1m[36m (1.0ms)[0m  [1mCREATE TABLE "schema_migrations" ("version" varchar NOT NULL) [0m
  [1m[35m (0.1ms)[0m  select sqlite_version(*)
  [1m[36m (0.6ms)[0m  [1mCREATE UNIQUE INDEX "unique_schema_migrations" ON "schema_migrations" ("version")[0m
  [1m[35mActiveRecord::SchemaMigration Load (0.1ms)[0m  SELECT "schema_migrations".* FROM "schema_migrations"
  [1m[36m (14.4ms)[0m  [1mCREATE TABLE `schema_migrations` (`version` varchar(255) NOT NULL) ENGINE=InnoDB[0m
  [1m[35m (24.6ms)[0m  CREATE UNIQUE INDEX `unique_schema_migrations`  ON `schema_migrations` (`version`) 
  [1m[36mActiveRecord::SchemaMigration Load (1.2ms)[0m  [1mSELECT `schema_migrations`.* FROM `schema_migrations`[0m
Migrating to CreateProjects (20150122234352)
  [1m[35m (38.5ms)[0m  CREATE TABLE `projects` (`id` int(11) auto_increment PRIMARY KEY, `name` varchar(255), `due_date` date, `created_at` datetime NOT NULL, `updated_at` datetime NOT NULL) ENGINE=InnoDB
  [1m[36mSQL (0.1ms)[0m  [1mBEGIN[0m
  [1m[35mSQL (0.3ms)[0m  INSERT INTO `schema_migrations` (`version`) VALUES (?)  [["version", "20150122234352"]]
  [1m[36m (5.7ms)[0m  [1mCOMMIT[0m
Migrating to CreateTasks (20150122234405)
  [1m[35m (20.9ms)[0m  CREATE TABLE `tasks` (`id` int(11) auto_increment PRIMARY KEY, `project_id` int(11), `title` varchar(255), `size` int(11), `completed_at` datetime, `created_at` datetime NOT NULL, `updated_at` datetime NOT NULL,  INDEX `index_tasks_on_project_id`  (`project_id`) ) ENGINE=InnoDB
  [1m[36m (17.0ms)[0m  [1mALTER TABLE `tasks` ADD CONSTRAINT `fk_rails_e9ee016d49`
FOREIGN KEY (`project_id`)
  REFERENCES `projects` (`id`)
[0m
  [1m[35mSQL (0.1ms)[0m  BEGIN
  [1m[36mSQL (0.1ms)[0m  [1mINSERT INTO `schema_migrations` (`version`) VALUES (?)[0m  [["version", "20150122234405"]]
  [1m[35m (0.2ms)[0m  COMMIT
  [1m[36mActiveRecord::SchemaMigration Load (0.2ms)[0m  [1mSELECT `schema_migrations`.* FROM `schema_migrations`[0m
  [1m[35m (0.3ms)[0m  SELECT fk.referenced_table_name as 'to_table'
      ,fk.referenced_column_name as 'primary_key'
      ,fk.column_name as 'column'
      ,fk.constraint_name as 'name'
FROM information_schema.key_column_usage fk
WHERE fk.referenced_column_name is not null
  AND fk.table_schema = 'gatherer_development'
  AND fk.table_name = 'projects'

  [1m[36m (0.1ms)[0m  [1mSHOW CREATE TABLE `projects`[0m
  [1m[35m (0.2ms)[0m  SELECT fk.referenced_table_name as 'to_table'
      ,fk.referenced_column_name as 'primary_key'
      ,fk.column_name as 'column'
      ,fk.constraint_name as 'name'
FROM information_schema.key_column_usage fk
WHERE fk.referenced_column_name is not null
  AND fk.table_schema = 'gatherer_development'
  AND fk.table_name = 'tasks'

  [1m[36m (0.1ms)[0m  [1mSHOW CREATE TABLE `tasks`[0m


Started GET "/" for 127.0.0.1 at 2015-01-24 02:17:26 -0500
  [1m[36mActiveRecord::SchemaMigration Load (0.9ms)[0m  [1mSELECT `schema_migrations`.* FROM `schema_migrations`[0m
Processing by Rails::WelcomeController#index as HTML
  Rendered /Users/kevin/.rvm/gems/ruby-2.1.0/gems/railties-4.2.0/lib/rails/templates/rails/welcome/index.html.erb (1.2ms)
Completed 200 OK in 21ms (Views: 7.1ms | ActiveRecord: 0.0ms)


Started GET "/projects" for 127.0.0.1 at 2015-01-24 02:17:34 -0500
Processing by ProjectsController#index as HTML
  [1m[35mProject Load (0.3ms)[0m  SELECT `projects`.* FROM `projects`
  Rendered projects/index.html.erb within layouts/application (18.6ms)
Completed 200 OK in 670ms (Views: 648.4ms | ActiveRecord: 17.2ms)


Started GET "/assets/projects-069e88c06b889877799890854d7f4c40.css?body=1" for 127.0.0.1 at 2015-01-24 02:17:35 -0500


Started GET "/assets/application-823e88bf1231c4323ee1d35731d8f1b6.css?body=1" for 127.0.0.1 at 2015-01-24 02:17:35 -0500


Started GET "/assets/tasks-069e88c06b889877799890854d7f4c40.css?body=1" for 127.0.0.1 at 2015-01-24 02:17:35 -0500


Started GET "/assets/jquery_ujs-0b8f09cf5aec4ba1be1abd9f915c77e2.js?body=1" for 127.0.0.1 at 2015-01-24 02:17:35 -0500


Started GET "/assets/jquery-eb3e278249152b5b5d5170b73d9dbf52.js?body=1" for 127.0.0.1 at 2015-01-24 02:17:35 -0500


Started GET "/assets/projects-8f6eecd1178ef85964369ec66d33c4f1.js?body=1" for 127.0.0.1 at 2015-01-24 02:17:35 -0500


Started GET "/assets/turbolinks-924184401b7d116eadaaefc96895fa84.js?body=1" for 127.0.0.1 at 2015-01-24 02:17:35 -0500


Started GET "/assets/tasks-8f6eecd1178ef85964369ec66d33c4f1.js?body=1" for 127.0.0.1 at 2015-01-24 02:17:35 -0500


Started GET "/assets/application-18f10afd70767e0049304380ce89b979.js?body=1" for 127.0.0.1 at 2015-01-24 02:17:35 -0500


Started GET "/projects/new" for 127.0.0.1 at 2015-01-24 02:17:45 -0500
Processing by ProjectsController#new as HTML
  Rendered projects/new.html.erb within layouts/application (11.8ms)
Completed 200 OK in 56ms (Views: 52.5ms | ActiveRecord: 0.3ms)


Started POST "/projects" for 127.0.0.1 at 2015-01-24 02:17:54 -0500
Processing by ProjectsController#create as HTML
  Parameters: {"utf8"=>"✓", "authenticity_token"=>"8IO21DgqlaW6bGcmMZna/lXiAwljm9xj/xRadI1tOCtgIEHf5zadFQW1xhjA9TRGENiOImEId1677NzYU+kQjg==", "project"=>{"name"=>"one", "tasks"=>"task one"}, "commit"=>"Create Project"}
  [1m[36mSQL (0.1ms)[0m  [1mBEGIN[0m
  [1m[35mSQL (0.3ms)[0m  INSERT INTO `projects` (`name`, `created_at`, `updated_at`) VALUES (?, ?, ?)  [["name", "one"], ["created_at", "2015-01-24 07:17:54"], ["updated_at", "2015-01-24 07:17:54"]]
  [1m[36mSQL (0.2ms)[0m  [1mINSERT INTO `tasks` (`title`, `size`, `project_id`, `created_at`, `updated_at`) VALUES (?, ?, ?, ?, ?)[0m  [["title", "task one"], ["size", 1], ["project_id", 1], ["created_at", "2015-01-24 07:17:54"], ["updated_at", "2015-01-24 07:17:54"]]
  [1m[35m (0.3ms)[0m  COMMIT
Redirected to http://localhost:3000/projects
Completed 302 Found in 46ms (ActiveRecord: 23.4ms)


Started GET "/projects" for 127.0.0.1 at 2015-01-24 02:17:54 -0500
Processing by ProjectsController#index as HTML
  [1m[36mProject Load (0.3ms)[0m  [1mSELECT `projects`.* FROM `projects`[0m
  [1m[35mTask Load (0.3ms)[0m  SELECT `tasks`.* FROM `tasks` WHERE `tasks`.`project_id` = ?  [["project_id", 1]]
  Rendered projects/index.html.erb within layouts/application (2.9ms)
Completed 200 OK in 59ms (Views: 58.3ms | ActiveRecord: 0.6ms)


Started GET "/" for ::1 at 2015-01-24 19:38:33 -0500
Processing by Rails::WelcomeController#index as HTML
  Rendered /Users/kevin/.rvm/gems/ruby-2.1.0/gems/railties-4.2.0/lib/rails/templates/rails/welcome/index.html.erb (0.1ms)
Completed 200 OK in 3ms (Views: 2.3ms | ActiveRecord: 0.0ms)


Started GET "/" for ::1 at 2015-01-27 19:08:46 -0500
Processing by Rails::WelcomeController#index as HTML
  Rendered /Users/kevin/.rvm/gems/ruby-2.1.0/gems/railties-4.2.0/lib/rails/templates/rails/welcome/index.html.erb (0.1ms)
Completed 200 OK in 4ms (Views: 4.1ms | ActiveRecord: 0.0ms)
