  [1m[36mLead Load (3.4ms)[0m  [1mSELECT `leads`.* FROM `leads`[0m
Mysql2::Error: Table 'backend_development.leads' doesn't exist: SELECT `leads`.* FROM `leads`
  [1m[36m (43.4ms)[0m  [1mCREATE TABLE `schema_migrations` (`version` varchar(255) NOT NULL) ENGINE=InnoDB[0m
  [1m[35m (43.6ms)[0m  CREATE UNIQUE INDEX `unique_schema_migrations`  ON `schema_migrations` (`version`) 
  [1m[36mActiveRecord::SchemaMigration Load (5.2ms)[0m  [1mSELECT `schema_migrations`.* FROM `schema_migrations`[0m
Migrating to CreateLeads (20150329203039)
  [1m[35m (27.2ms)[0m  CREATE TABLE `leads` (`id` int(11) auto_increment PRIMARY KEY, `first_name` varchar(255), `last_name` varchar(255), `email` varchar(255), `phone` varchar(255), `status` varchar(255), `notes` text, `created_at` datetime NOT NULL, `updated_at` datetime NOT NULL) ENGINE=InnoDB
  [1m[36m (5.5ms)[0m  [1mBEGIN[0m
  [1m[35mSQL (5.8ms)[0m  INSERT INTO `schema_migrations` (`version`) VALUES ('20150329203039')
  [1m[36m (5.5ms)[0m  [1mCOMMIT[0m
  [1m[35mActiveRecord::SchemaMigration Load (0.2ms)[0m  SELECT `schema_migrations`.* FROM `schema_migrations`
  [1m[36m (1.4ms)[0m  [1mSELECT fk.referenced_table_name as 'to_table'
      ,fk.referenced_column_name as 'primary_key'
      ,fk.column_name as 'column'
      ,fk.constraint_name as 'name'
FROM information_schema.key_column_usage fk
WHERE fk.referenced_column_name is not null
  AND fk.table_schema = 'backend_development'
  AND fk.table_name = 'leads'
[0m
  [1m[35m (0.1ms)[0m  SHOW CREATE TABLE `leads`
  [1m[36mLead Load (0.2ms)[0m  [1mSELECT `leads`.* FROM `leads`[0m
  [1m[35m (0.1ms)[0m  BEGIN
  [1m[36mSQL (0.4ms)[0m  [1mINSERT INTO `leads` (`first_name`, `last_name`, `email`, `phone`, `status`, `notes`, `created_at`, `updated_at`) VALUES ('Gussie', 'Mosciski', 'monroe@haag.com', '798-960-6896', 'closed', 'squid irony cardigan brunch sartorial messenger bag moon hoodie blog aesthetic', '2015-03-30 05:49:14', '2015-03-30 05:49:14')[0m
  [1m[35m (0.3ms)[0m  COMMIT
  [1m[36m (0.1ms)[0m  [1mBEGIN[0m
  [1m[35mSQL (0.2ms)[0m  INSERT INTO `leads` (`first_name`, `last_name`, `email`, `phone`, `status`, `notes`, `created_at`, `updated_at`) VALUES ('Lauretta', 'Waters', 'anjali_reichert@waelchi.name', '(349)316-7924', 'new', '8-bit hoodie keffiyeh Four Loko cliche fixie McSweeney\'s vinyl wolf biodiesel', '2015-03-30 05:49:14', '2015-03-30 05:49:14')
  [1m[36m (0.5ms)[0m  [1mCOMMIT[0m
  [1m[35m (0.1ms)[0m  BEGIN
  [1m[36mSQL (0.1ms)[0m  [1mINSERT INTO `leads` (`first_name`, `last_name`, `email`, `phone`, `status`, `notes`, `created_at`, `updated_at`) VALUES ('Kayley', 'Lakin', 'sienna.morissette@kshlerin.biz', '(394)527-5683 x61025', 'new', 'vegan viral tofu single-origin coffee synth etsy cliche art blog wolf', '2015-03-30 05:49:14', '2015-03-30 05:49:14')[0m
  [1m[35m (0.2ms)[0m  COMMIT
  [1m[36m (0.1ms)[0m  [1mBEGIN[0m
  [1m[35mSQL (0.2ms)[0m  INSERT INTO `leads` (`first_name`, `last_name`, `email`, `phone`, `status`, `notes`, `created_at`, `updated_at`) VALUES ('Stuart', 'Farrell', 'helena_ohara@hirthemcglynn.biz', '779-580-2200 x3590', 'bad', 'American Apparel cardigan Rerry Richardson blog you probably haven\'t heard of them next level put a bird on it iPhone Wes Anderson Williamsburg', '2015-03-30 05:49:14', '2015-03-30 05:49:14')
  [1m[36m (0.3ms)[0m  [1mCOMMIT[0m
  [1m[35m (0.1ms)[0m  BEGIN
  [1m[36mSQL (0.1ms)[0m  [1mINSERT INTO `leads` (`first_name`, `last_name`, `email`, `phone`, `status`, `notes`, `created_at`, `updated_at`) VALUES ('Catharine', 'Cummerata', 'nathanael_kunde@ondrickalowe.com', '205.649.9634 x497', 'new', 'Banksy put a bird on it thundercats bicycle rights gluten-free Rerry Richardson craft beer chambray food truck lo-fi', '2015-03-30 05:49:14', '2015-03-30 05:49:14')[0m
  [1m[35m (0.3ms)[0m  COMMIT
  [1m[36m (0.1ms)[0m  [1mBEGIN[0m
  [1m[35mSQL (0.1ms)[0m  INSERT INTO `leads` (`first_name`, `last_name`, `email`, `phone`, `status`, `notes`, `created_at`, `updated_at`) VALUES ('Lexi', 'Robel', 'florine.cronin@mante.co.uk', '941-079-3836 x0277', 'bad', 'jean shorts PBR before they sold out 8-bit organic wolf raw denim lomo Cosby Sweater moon', '2015-03-30 05:49:14', '2015-03-30 05:49:14')
  [1m[36m (0.2ms)[0m  [1mCOMMIT[0m
  [1m[35m (0.1ms)[0m  BEGIN
  [1m[36mSQL (0.1ms)[0m  [1mINSERT INTO `leads` (`first_name`, `last_name`, `email`, `phone`, `status`, `notes`, `created_at`, `updated_at`) VALUES ('Alexie', 'O\'Kon', 'brionna@mayer.name', '1-746-635-1638 x83997', 'in progress', 'master cleanse trust fund gentrify jean shorts moon DIY freegan cred Four Loko Austin', '2015-03-30 05:49:14', '2015-03-30 05:49:14')[0m
  [1m[35m (0.5ms)[0m  COMMIT
  [1m[36m (0.1ms)[0m  [1mBEGIN[0m
  [1m[35mSQL (0.2ms)[0m  INSERT INTO `leads` (`first_name`, `last_name`, `email`, `phone`, `status`, `notes`, `created_at`, `updated_at`) VALUES ('Ebba', 'Weber', 'samara@morissette.us', '(343)803-4212 x2126', 'in progress', 'cliche hoodie Austin party trust fund butcher master cleanse mlkshk squid salvia', '2015-03-30 05:49:14', '2015-03-30 05:49:14')
  [1m[36m (0.2ms)[0m  [1mCOMMIT[0m
  [1m[35m (0.1ms)[0m  BEGIN
  [1m[36mSQL (0.1ms)[0m  [1mINSERT INTO `leads` (`first_name`, `last_name`, `email`, `phone`, `status`, `notes`, `created_at`, `updated_at`) VALUES ('Amelie', 'Armstrong', 'catharine.mcdermott@hand.us', '(048)905-4740 x13348', 'in progress', 'Rerry Richardson moon hoodie echo park vinyl photo booth Brooklyn Austin Marfa letterpress', '2015-03-30 05:49:14', '2015-03-30 05:49:14')[0m
  [1m[35m (0.2ms)[0m  COMMIT
  [1m[36m (0.1ms)[0m  [1mBEGIN[0m
  [1m[35mSQL (0.2ms)[0m  INSERT INTO `leads` (`first_name`, `last_name`, `email`, `phone`, `status`, `notes`, `created_at`, `updated_at`) VALUES ('Kenya', 'Dickens', 'daron.funk@connellydonnelly.biz', '(246)467-5409 x6597', 'new', 'fanny pack vinyl squid Williamsburg Shoreditch sustainable Banksy synth fixie chambray', '2015-03-30 05:49:14', '2015-03-30 05:49:14')
  [1m[36m (0.2ms)[0m  [1mCOMMIT[0m
  [1m[35m (0.1ms)[0m  BEGIN
  [1m[36mSQL (0.1ms)[0m  [1mINSERT INTO `leads` (`first_name`, `last_name`, `email`, `phone`, `status`, `notes`, `created_at`, `updated_at`) VALUES ('Patience', 'Kertzmann', 'edgar@manncrooks.us', '1-977-417-4850', 'closed', 'party freegan mustache high life keffiyeh bicycle rights sartorial irony thundercats fanny pack', '2015-03-30 05:49:14', '2015-03-30 05:49:14')[0m
  [1m[35m (0.2ms)[0m  COMMIT
  [1m[36m (0.1ms)[0m  [1mBEGIN[0m
  [1m[35mSQL (0.2ms)[0m  INSERT INTO `leads` (`first_name`, `last_name`, `email`, `phone`, `status`, `notes`, `created_at`, `updated_at`) VALUES ('Lesley', 'Stiedemann', 'kacie.mosciski@bins.us', '(806)289-2549', 'closed', 'ethical moon Wayfarers Shoreditch keytar trust fund freegan biodiesel master cleanse echo park', '2015-03-30 05:49:14', '2015-03-30 05:49:14')
  [1m[36m (0.2ms)[0m  [1mCOMMIT[0m
  [1m[35m (0.1ms)[0m  BEGIN
  [1m[36mSQL (0.1ms)[0m  [1mINSERT INTO `leads` (`first_name`, `last_name`, `email`, `phone`, `status`, `notes`, `created_at`, `updated_at`) VALUES ('Noe', 'Jenkins', 'abby@mohr.name', '(059)174-1993 x1291', 'new', 'ethical party helvetica yr retro Banksy seitan fap quinoa iPhone', '2015-03-30 05:49:14', '2015-03-30 05:49:14')[0m
  [1m[35m (0.2ms)[0m  COMMIT
  [1m[36m (0.1ms)[0m  [1mBEGIN[0m
  [1m[35mSQL (0.1ms)[0m  INSERT INTO `leads` (`first_name`, `last_name`, `email`, `phone`, `status`, `notes`, `created_at`, `updated_at`) VALUES ('Tressie', 'Dare', 'hermina.deckow@johnston.us', '819.280.8556', 'bad', 'messenger bag butcher jean shorts squid Portland vegan locavore Banksy fixie 8-bit', '2015-03-30 05:49:14', '2015-03-30 05:49:14')
  [1m[36m (0.2ms)[0m  [1mCOMMIT[0m
  [1m[35m (0.1ms)[0m  BEGIN
  [1m[36mSQL (0.1ms)[0m  [1mINSERT INTO `leads` (`first_name`, `last_name`, `email`, `phone`, `status`, `notes`, `created_at`, `updated_at`) VALUES ('Delaney', 'Johnston', 'german.beier@simonisschaden.name', '706.878.5814', 'in progress', 'banh mi quinoa blog craft beer iPhone Williamsburg McSweeney\'s whatever lo-fi Shoreditch', '2015-03-30 05:49:14', '2015-03-30 05:49:14')[0m
  [1m[35m (0.2ms)[0m  COMMIT
  [1m[36m (0.1ms)[0m  [1mBEGIN[0m
  [1m[35mSQL (0.1ms)[0m  INSERT INTO `leads` (`first_name`, `last_name`, `email`, `phone`, `status`, `notes`, `created_at`, `updated_at`) VALUES ('Roberto', 'Botsford', 'jillian@pacocha.co.uk', '156.091.0172 x22868', 'new', 'lo-fi Shoreditch Marfa aesthetic Austin photo booth chambray salvia lomo vegan', '2015-03-30 05:49:14', '2015-03-30 05:49:14')
  [1m[36m (0.2ms)[0m  [1mCOMMIT[0m
  [1m[35m (0.1ms)[0m  BEGIN
  [1m[36mSQL (0.1ms)[0m  [1mINSERT INTO `leads` (`first_name`, `last_name`, `email`, `phone`, `status`, `notes`, `created_at`, `updated_at`) VALUES ('Jaeden', 'Zboncak', 'wiley@hayeslowe.us', '103-633-1179', 'in progress', 'echo park Cosby Sweater sartorial letterpress freegan iPhone vice biodiesel fixie tumblr', '2015-03-30 05:49:14', '2015-03-30 05:49:14')[0m
  [1m[35m (0.2ms)[0m  COMMIT
  [1m[36m (0.1ms)[0m  [1mBEGIN[0m
  [1m[35mSQL (0.2ms)[0m  INSERT INTO `leads` (`first_name`, `last_name`, `email`, `phone`, `status`, `notes`, `created_at`, `updated_at`) VALUES ('Wyman', 'Renner', 'rahul@markstorp.ca', '(448)380-5775 x6828', 'new', 'you probably haven\'t heard of them leggings next level whatever lomo echo park banh mi American Apparel blog Marfa', '2015-03-30 05:49:14', '2015-03-30 05:49:14')
  [1m[36m (0.2ms)[0m  [1mCOMMIT[0m
  [1m[35m (0.1ms)[0m  BEGIN
  [1m[36mSQL (0.1ms)[0m  [1mINSERT INTO `leads` (`first_name`, `last_name`, `email`, `phone`, `status`, `notes`, `created_at`, `updated_at`) VALUES ('Brennon', 'Stiedemann', 'mohamed@haag.name', '(645)884-0255 x470', 'new', 'American Apparel art before they sold out freegan twee Wes Anderson PBR brunch lomo you probably haven\'t heard of them', '2015-03-30 05:49:14', '2015-03-30 05:49:14')[0m
  [1m[35m (0.2ms)[0m  COMMIT
  [1m[36m (0.1ms)[0m  [1mBEGIN[0m
  [1m[35mSQL (0.1ms)[0m  INSERT INTO `leads` (`first_name`, `last_name`, `email`, `phone`, `status`, `notes`, `created_at`, `updated_at`) VALUES ('Aditya', 'Mayer', 'josiah_aufderhar@predovicdavis.info', '(443)316-0021', 'in progress', 'raw denim single-origin coffee butcher Shoreditch art before they sold out hoodie photo booth master cleanse vegan', '2015-03-30 05:49:14', '2015-03-30 05:49:14')
  [1m[36m (0.2ms)[0m  [1mCOMMIT[0m


Started GET "/api/v1/leads" for 127.0.0.1 at 2015-03-30 01:53:54 -0400
  [1m[36mActiveRecord::SchemaMigration Load (0.3ms)[0m  [1mSELECT `schema_migrations`.* FROM `schema_migrations`[0m
Processing by Api::V1::LeadsController#index as JSON
  [1m[35mLead Load (0.3ms)[0m  SELECT `leads`.* FROM `leads`
  [1m[36mCACHE (0.0ms)[0m  [1mSELECT `leads`.* FROM `leads`[0m
Completed 200 OK in 12ms (Views: 3.7ms | ActiveRecord: 1.6ms)


Started GET "/api/v1/leads" for 127.0.0.1 at 2015-03-30 01:54:09 -0400
Processing by Api::V1::LeadsController#index as JSON
  [1m[35mLead Load (0.3ms)[0m  SELECT `leads`.* FROM `leads`
  [1m[36mCACHE (0.0ms)[0m  [1mSELECT `leads`.* FROM `leads`[0m
Completed 200 OK in 4ms (Views: 2.9ms | ActiveRecord: 0.3ms)


Started GET "/assets/frontend.css" for 127.0.0.1 at 2015-03-30 01:54:43 -0400

ActionController::RoutingError (No route matches [GET] "/assets/frontend.css"):
  actionpack (4.2.1) lib/action_dispatch/middleware/debug_exceptions.rb:21:in `call'
  web-console (2.1.2) lib/web_console/middleware.rb:37:in `call'
  actionpack (4.2.1) lib/action_dispatch/middleware/show_exceptions.rb:30:in `call'
  railties (4.2.1) lib/rails/rack/logger.rb:38:in `call_app'
  railties (4.2.1) lib/rails/rack/logger.rb:20:in `block in call'
  activesupport (4.2.1) lib/active_support/tagged_logging.rb:68:in `block in tagged'
  activesupport (4.2.1) lib/active_support/tagged_logging.rb:26:in `tagged'
  activesupport (4.2.1) lib/active_support/tagged_logging.rb:68:in `tagged'
  railties (4.2.1) lib/rails/rack/logger.rb:20:in `call'
  actionpack (4.2.1) lib/action_dispatch/middleware/request_id.rb:21:in `call'
  rack (1.6.0) lib/rack/methodoverride.rb:22:in `call'
  rack (1.6.0) lib/rack/runtime.rb:18:in `call'
  activesupport (4.2.1) lib/active_support/cache/strategy/local_cache_middleware.rb:28:in `call'
  rack (1.6.0) lib/rack/lock.rb:17:in `call'
  actionpack (4.2.1) lib/action_dispatch/middleware/static.rb:113:in `call'
  rack (1.6.0) lib/rack/sendfile.rb:113:in `call'
  railties (4.2.1) lib/rails/engine.rb:518:in `call'
  railties (4.2.1) lib/rails/application.rb:164:in `call'
  rack (1.6.0) lib/rack/lock.rb:17:in `call'
  rack (1.6.0) lib/rack/content_length.rb:15:in `call'
  rack (1.6.0) lib/rack/handler/webrick.rb:89:in `service'
  /Users/kevin/.rvm/rubies/ruby-2.2.1/lib/ruby/2.2.0/webrick/httpserver.rb:138:in `service'
  /Users/kevin/.rvm/rubies/ruby-2.2.1/lib/ruby/2.2.0/webrick/httpserver.rb:94:in `run'
  /Users/kevin/.rvm/rubies/ruby-2.2.1/lib/ruby/2.2.0/webrick/server.rb:294:in `block in start_thread'


  Rendered /Users/kevin/.rvm/gems/ruby-2.2.1/gems/actionpack-4.2.1/lib/action_dispatch/middleware/templates/rescues/_trace.html.erb (1.3ms)
  Rendered /Users/kevin/.rvm/gems/ruby-2.2.1/gems/actionpack-4.2.1/lib/action_dispatch/middleware/templates/routes/_route.html.erb (0.9ms)
  Rendered /Users/kevin/.rvm/gems/ruby-2.2.1/gems/actionpack-4.2.1/lib/action_dispatch/middleware/templates/routes/_table.html.erb (7.5ms)
  Rendered /Users/kevin/.rvm/gems/ruby-2.2.1/gems/actionpack-4.2.1/lib/action_dispatch/middleware/templates/rescues/_request_and_response.html.erb (8.6ms)
  Rendered /Users/kevin/.rvm/gems/ruby-2.2.1/gems/actionpack-4.2.1/lib/action_dispatch/middleware/templates/rescues/routing_error.html.erb within rescues/layout (77.5ms)
  Rendered /Users/kevin/.rvm/gems/ruby-2.2.1/gems/web-console-2.1.2/lib/web_console/templates/_markup.html.erb (0.3ms)
  Rendered /Users/kevin/.rvm/gems/ruby-2.2.1/gems/web-console-2.1.2/lib/web_console/templates/style.css.erb within layouts/inlined_string (0.4ms)
  Rendered /Users/kevin/.rvm/gems/ruby-2.2.1/gems/web-console-2.1.2/lib/web_console/templates/_inner_console_markup.html.erb within layouts/inlined_string (0.3ms)
  Rendered /Users/kevin/.rvm/gems/ruby-2.2.1/gems/web-console-2.1.2/lib/web_console/templates/_prompt_box_markup.html.erb within layouts/inlined_string (0.3ms)
  Rendered /Users/kevin/.rvm/gems/ruby-2.2.1/gems/web-console-2.1.2/lib/web_console/templates/console.js.erb within layouts/javascript (40.2ms)
  Rendered /Users/kevin/.rvm/gems/ruby-2.2.1/gems/web-console-2.1.2/lib/web_console/templates/main.js.erb within layouts/javascript (0.3ms)
  Rendered /Users/kevin/.rvm/gems/ruby-2.2.1/gems/web-console-2.1.2/lib/web_console/templates/error_page.js.erb within layouts/javascript (0.4ms)
  Rendered /Users/kevin/.rvm/gems/ruby-2.2.1/gems/web-console-2.1.2/lib/web_console/templates/index.html.erb (86.7ms)


Started GET "/api/v1/leads" for 127.0.0.1 at 2015-03-30 01:54:44 -0400
Processing by Api::V1::LeadsController#index as JSON
  [1m[35mLead Load (0.5ms)[0m  SELECT `leads`.* FROM `leads`
  [1m[36mCACHE (0.0ms)[0m  [1mSELECT `leads`.* FROM `leads`[0m
Completed 200 OK in 11ms (Views: 8.9ms | ActiveRecord: 0.5ms)


Started GET "/assets/frontend.css" for 127.0.0.1 at 2015-03-30 01:54:50 -0400

ActionController::RoutingError (No route matches [GET] "/assets/frontend.css"):
  actionpack (4.2.1) lib/action_dispatch/middleware/debug_exceptions.rb:21:in `call'
  web-console (2.1.2) lib/web_console/middleware.rb:37:in `call'
  actionpack (4.2.1) lib/action_dispatch/middleware/show_exceptions.rb:30:in `call'
  railties (4.2.1) lib/rails/rack/logger.rb:38:in `call_app'
  railties (4.2.1) lib/rails/rack/logger.rb:20:in `block in call'
  activesupport (4.2.1) lib/active_support/tagged_logging.rb:68:in `block in tagged'
  activesupport (4.2.1) lib/active_support/tagged_logging.rb:26:in `tagged'
  activesupport (4.2.1) lib/active_support/tagged_logging.rb:68:in `tagged'
  railties (4.2.1) lib/rails/rack/logger.rb:20:in `call'
  actionpack (4.2.1) lib/action_dispatch/middleware/request_id.rb:21:in `call'
  rack (1.6.0) lib/rack/methodoverride.rb:22:in `call'
  rack (1.6.0) lib/rack/runtime.rb:18:in `call'
  activesupport (4.2.1) lib/active_support/cache/strategy/local_cache_middleware.rb:28:in `call'
  rack (1.6.0) lib/rack/lock.rb:17:in `call'
  actionpack (4.2.1) lib/action_dispatch/middleware/static.rb:113:in `call'
  rack (1.6.0) lib/rack/sendfile.rb:113:in `call'
  railties (4.2.1) lib/rails/engine.rb:518:in `call'
  railties (4.2.1) lib/rails/application.rb:164:in `call'
  rack (1.6.0) lib/rack/lock.rb:17:in `call'
  rack (1.6.0) lib/rack/content_length.rb:15:in `call'
  rack (1.6.0) lib/rack/handler/webrick.rb:89:in `service'
  /Users/kevin/.rvm/rubies/ruby-2.2.1/lib/ruby/2.2.0/webrick/httpserver.rb:138:in `service'
  /Users/kevin/.rvm/rubies/ruby-2.2.1/lib/ruby/2.2.0/webrick/httpserver.rb:94:in `run'
  /Users/kevin/.rvm/rubies/ruby-2.2.1/lib/ruby/2.2.0/webrick/server.rb:294:in `block in start_thread'


  Rendered /Users/kevin/.rvm/gems/ruby-2.2.1/gems/actionpack-4.2.1/lib/action_dispatch/middleware/templates/rescues/_trace.html.erb (1.4ms)
  Rendered /Users/kevin/.rvm/gems/ruby-2.2.1/gems/actionpack-4.2.1/lib/action_dispatch/middleware/templates/routes/_route.html.erb (0.9ms)
  Rendered /Users/kevin/.rvm/gems/ruby-2.2.1/gems/actionpack-4.2.1/lib/action_dispatch/middleware/templates/routes/_table.html.erb (1.2ms)
  Rendered /Users/kevin/.rvm/gems/ruby-2.2.1/gems/actionpack-4.2.1/lib/action_dispatch/middleware/templates/rescues/_request_and_response.html.erb (1.0ms)
  Rendered /Users/kevin/.rvm/gems/ruby-2.2.1/gems/actionpack-4.2.1/lib/action_dispatch/middleware/templates/rescues/routing_error.html.erb within rescues/layout (57.1ms)
  Rendered /Users/kevin/.rvm/gems/ruby-2.2.1/gems/web-console-2.1.2/lib/web_console/templates/_markup.html.erb (0.3ms)
  Rendered /Users/kevin/.rvm/gems/ruby-2.2.1/gems/web-console-2.1.2/lib/web_console/templates/style.css.erb within layouts/inlined_string (0.3ms)
  Rendered /Users/kevin/.rvm/gems/ruby-2.2.1/gems/web-console-2.1.2/lib/web_console/templates/_inner_console_markup.html.erb within layouts/inlined_string (0.2ms)
  Rendered /Users/kevin/.rvm/gems/ruby-2.2.1/gems/web-console-2.1.2/lib/web_console/templates/_prompt_box_markup.html.erb within layouts/inlined_string (0.3ms)
  Rendered /Users/kevin/.rvm/gems/ruby-2.2.1/gems/web-console-2.1.2/lib/web_console/templates/console.js.erb within layouts/javascript (34.6ms)
  Rendered /Users/kevin/.rvm/gems/ruby-2.2.1/gems/web-console-2.1.2/lib/web_console/templates/main.js.erb within layouts/javascript (0.3ms)
  Rendered /Users/kevin/.rvm/gems/ruby-2.2.1/gems/web-console-2.1.2/lib/web_console/templates/error_page.js.erb within layouts/javascript (0.4ms)
  Rendered /Users/kevin/.rvm/gems/ruby-2.2.1/gems/web-console-2.1.2/lib/web_console/templates/index.html.erb (77.3ms)


Started GET "/api/v1/leads" for 127.0.0.1 at 2015-03-30 01:54:50 -0400
Processing by Api::V1::LeadsController#index as JSON
  [1m[35mLead Load (0.3ms)[0m  SELECT `leads`.* FROM `leads`
  [1m[36mCACHE (0.0ms)[0m  [1mSELECT `leads`.* FROM `leads`[0m
Completed 200 OK in 5ms (Views: 3.5ms | ActiveRecord: 0.3ms)


Started GET "/" for ::1 at 2015-03-30 01:57:26 -0400
Processing by Rails::WelcomeController#index as HTML
  Rendered /Users/kevin/.rvm/gems/ruby-2.2.1/gems/railties-4.2.1/lib/rails/templates/rails/welcome/index.html.erb (0.6ms)
Completed 200 OK in 3ms (Views: 2.7ms | ActiveRecord: 0.0ms)


Started GET "/assets/frontend.css" for 127.0.0.1 at 2015-03-30 01:57:28 -0400

ActionController::RoutingError (No route matches [GET] "/assets/frontend.css"):
  actionpack (4.2.1) lib/action_dispatch/middleware/debug_exceptions.rb:21:in `call'
  web-console (2.1.2) lib/web_console/middleware.rb:37:in `call'
  actionpack (4.2.1) lib/action_dispatch/middleware/show_exceptions.rb:30:in `call'
  railties (4.2.1) lib/rails/rack/logger.rb:38:in `call_app'
  railties (4.2.1) lib/rails/rack/logger.rb:20:in `block in call'
  activesupport (4.2.1) lib/active_support/tagged_logging.rb:68:in `block in tagged'
  activesupport (4.2.1) lib/active_support/tagged_logging.rb:26:in `tagged'
  activesupport (4.2.1) lib/active_support/tagged_logging.rb:68:in `tagged'
  railties (4.2.1) lib/rails/rack/logger.rb:20:in `call'
  actionpack (4.2.1) lib/action_dispatch/middleware/request_id.rb:21:in `call'
  rack (1.6.0) lib/rack/methodoverride.rb:22:in `call'
  rack (1.6.0) lib/rack/runtime.rb:18:in `call'
  activesupport (4.2.1) lib/active_support/cache/strategy/local_cache_middleware.rb:28:in `call'
  rack (1.6.0) lib/rack/lock.rb:17:in `call'
  actionpack (4.2.1) lib/action_dispatch/middleware/static.rb:113:in `call'
  rack (1.6.0) lib/rack/sendfile.rb:113:in `call'
  railties (4.2.1) lib/rails/engine.rb:518:in `call'
  railties (4.2.1) lib/rails/application.rb:164:in `call'
  rack (1.6.0) lib/rack/lock.rb:17:in `call'
  rack (1.6.0) lib/rack/content_length.rb:15:in `call'
  rack (1.6.0) lib/rack/handler/webrick.rb:89:in `service'
  /Users/kevin/.rvm/rubies/ruby-2.2.1/lib/ruby/2.2.0/webrick/httpserver.rb:138:in `service'
  /Users/kevin/.rvm/rubies/ruby-2.2.1/lib/ruby/2.2.0/webrick/httpserver.rb:94:in `run'
  /Users/kevin/.rvm/rubies/ruby-2.2.1/lib/ruby/2.2.0/webrick/server.rb:294:in `block in start_thread'


  Rendered /Users/kevin/.rvm/gems/ruby-2.2.1/gems/actionpack-4.2.1/lib/action_dispatch/middleware/templates/rescues/_trace.html.erb (1.5ms)
  Rendered /Users/kevin/.rvm/gems/ruby-2.2.1/gems/actionpack-4.2.1/lib/action_dispatch/middleware/templates/routes/_route.html.erb (0.8ms)
  Rendered /Users/kevin/.rvm/gems/ruby-2.2.1/gems/actionpack-4.2.1/lib/action_dispatch/middleware/templates/routes/_table.html.erb (1.2ms)
  Rendered /Users/kevin/.rvm/gems/ruby-2.2.1/gems/actionpack-4.2.1/lib/action_dispatch/middleware/templates/rescues/_request_and_response.html.erb (1.0ms)
  Rendered /Users/kevin/.rvm/gems/ruby-2.2.1/gems/actionpack-4.2.1/lib/action_dispatch/middleware/templates/rescues/routing_error.html.erb within rescues/layout (54.8ms)
  Rendered /Users/kevin/.rvm/gems/ruby-2.2.1/gems/web-console-2.1.2/lib/web_console/templates/_markup.html.erb (0.3ms)
  Rendered /Users/kevin/.rvm/gems/ruby-2.2.1/gems/web-console-2.1.2/lib/web_console/templates/style.css.erb within layouts/inlined_string (0.3ms)
  Rendered /Users/kevin/.rvm/gems/ruby-2.2.1/gems/web-console-2.1.2/lib/web_console/templates/_inner_console_markup.html.erb within layouts/inlined_string (0.2ms)
  Rendered /Users/kevin/.rvm/gems/ruby-2.2.1/gems/web-console-2.1.2/lib/web_console/templates/_prompt_box_markup.html.erb within layouts/inlined_string (0.2ms)
  Rendered /Users/kevin/.rvm/gems/ruby-2.2.1/gems/web-console-2.1.2/lib/web_console/templates/console.js.erb within layouts/javascript (36.3ms)
  Rendered /Users/kevin/.rvm/gems/ruby-2.2.1/gems/web-console-2.1.2/lib/web_console/templates/main.js.erb within layouts/javascript (0.3ms)
  Rendered /Users/kevin/.rvm/gems/ruby-2.2.1/gems/web-console-2.1.2/lib/web_console/templates/error_page.js.erb within layouts/javascript (0.4ms)
  Rendered /Users/kevin/.rvm/gems/ruby-2.2.1/gems/web-console-2.1.2/lib/web_console/templates/index.html.erb (80.1ms)


Started GET "/api/v1/leads" for 127.0.0.1 at 2015-03-30 01:57:28 -0400
Processing by Api::V1::LeadsController#index as JSON
  [1m[35mLead Load (0.3ms)[0m  SELECT `leads`.* FROM `leads`
  [1m[36mCACHE (0.0ms)[0m  [1mSELECT `leads`.* FROM `leads`[0m
Completed 200 OK in 5ms (Views: 3.5ms | ActiveRecord: 0.3ms)


Started GET "/" for ::1 at 2015-03-30 01:57:36 -0400
Processing by Rails::WelcomeController#index as HTML
  Rendered /Users/kevin/.rvm/gems/ruby-2.2.1/gems/railties-4.2.1/lib/rails/templates/rails/welcome/index.html.erb (0.0ms)
Completed 200 OK in 2ms (Views: 1.5ms | ActiveRecord: 0.0ms)


Started GET "/assets/frontend.css" for 127.0.0.1 at 2015-03-30 01:57:37 -0400

ActionController::RoutingError (No route matches [GET] "/assets/frontend.css"):
  actionpack (4.2.1) lib/action_dispatch/middleware/debug_exceptions.rb:21:in `call'
  web-console (2.1.2) lib/web_console/middleware.rb:37:in `call'
  actionpack (4.2.1) lib/action_dispatch/middleware/show_exceptions.rb:30:in `call'
  railties (4.2.1) lib/rails/rack/logger.rb:38:in `call_app'
  railties (4.2.1) lib/rails/rack/logger.rb:20:in `block in call'
  activesupport (4.2.1) lib/active_support/tagged_logging.rb:68:in `block in tagged'
  activesupport (4.2.1) lib/active_support/tagged_logging.rb:26:in `tagged'
  activesupport (4.2.1) lib/active_support/tagged_logging.rb:68:in `tagged'
  railties (4.2.1) lib/rails/rack/logger.rb:20:in `call'
  actionpack (4.2.1) lib/action_dispatch/middleware/request_id.rb:21:in `call'
  rack (1.6.0) lib/rack/methodoverride.rb:22:in `call'
  rack (1.6.0) lib/rack/runtime.rb:18:in `call'
  activesupport (4.2.1) lib/active_support/cache/strategy/local_cache_middleware.rb:28:in `call'
  rack (1.6.0) lib/rack/lock.rb:17:in `call'
  actionpack (4.2.1) lib/action_dispatch/middleware/static.rb:113:in `call'
  rack (1.6.0) lib/rack/sendfile.rb:113:in `call'
  railties (4.2.1) lib/rails/engine.rb:518:in `call'
  railties (4.2.1) lib/rails/application.rb:164:in `call'
  rack (1.6.0) lib/rack/lock.rb:17:in `call'
  rack (1.6.0) lib/rack/content_length.rb:15:in `call'
  rack (1.6.0) lib/rack/handler/webrick.rb:89:in `service'
  /Users/kevin/.rvm/rubies/ruby-2.2.1/lib/ruby/2.2.0/webrick/httpserver.rb:138:in `service'
  /Users/kevin/.rvm/rubies/ruby-2.2.1/lib/ruby/2.2.0/webrick/httpserver.rb:94:in `run'
  /Users/kevin/.rvm/rubies/ruby-2.2.1/lib/ruby/2.2.0/webrick/server.rb:294:in `block in start_thread'


  Rendered /Users/kevin/.rvm/gems/ruby-2.2.1/gems/actionpack-4.2.1/lib/action_dispatch/middleware/templates/rescues/_trace.html.erb (1.4ms)
  Rendered /Users/kevin/.rvm/gems/ruby-2.2.1/gems/actionpack-4.2.1/lib/action_dispatch/middleware/templates/routes/_route.html.erb (0.9ms)
  Rendered /Users/kevin/.rvm/gems/ruby-2.2.1/gems/actionpack-4.2.1/lib/action_dispatch/middleware/templates/routes/_table.html.erb (1.3ms)
  Rendered /Users/kevin/.rvm/gems/ruby-2.2.1/gems/actionpack-4.2.1/lib/action_dispatch/middleware/templates/rescues/_request_and_response.html.erb (0.9ms)
  Rendered /Users/kevin/.rvm/gems/ruby-2.2.1/gems/actionpack-4.2.1/lib/action_dispatch/middleware/templates/rescues/routing_error.html.erb within rescues/layout (55.2ms)
  Rendered /Users/kevin/.rvm/gems/ruby-2.2.1/gems/web-console-2.1.2/lib/web_console/templates/_markup.html.erb (0.3ms)
  Rendered /Users/kevin/.rvm/gems/ruby-2.2.1/gems/web-console-2.1.2/lib/web_console/templates/style.css.erb within layouts/inlined_string (0.3ms)
  Rendered /Users/kevin/.rvm/gems/ruby-2.2.1/gems/web-console-2.1.2/lib/web_console/templates/_inner_console_markup.html.erb within layouts/inlined_string (0.3ms)
  Rendered /Users/kevin/.rvm/gems/ruby-2.2.1/gems/web-console-2.1.2/lib/web_console/templates/_prompt_box_markup.html.erb within layouts/inlined_string (0.2ms)
  Rendered /Users/kevin/.rvm/gems/ruby-2.2.1/gems/web-console-2.1.2/lib/web_console/templates/console.js.erb within layouts/javascript (36.1ms)
  Rendered /Users/kevin/.rvm/gems/ruby-2.2.1/gems/web-console-2.1.2/lib/web_console/templates/main.js.erb within layouts/javascript (0.3ms)
  Rendered /Users/kevin/.rvm/gems/ruby-2.2.1/gems/web-console-2.1.2/lib/web_console/templates/error_page.js.erb within layouts/javascript (0.4ms)
  Rendered /Users/kevin/.rvm/gems/ruby-2.2.1/gems/web-console-2.1.2/lib/web_console/templates/index.html.erb (80.0ms)


Started GET "/api/v1/leads" for 127.0.0.1 at 2015-03-30 01:57:38 -0400
Processing by Api::V1::LeadsController#index as JSON
  [1m[35mLead Load (0.3ms)[0m  SELECT `leads`.* FROM `leads`
  [1m[36mCACHE (0.0ms)[0m  [1mSELECT `leads`.* FROM `leads`[0m
Completed 200 OK in 5ms (Views: 3.2ms | ActiveRecord: 0.3ms)


Started GET "/api/v1/leads" for 127.0.0.1 at 2015-03-30 01:57:51 -0400
Processing by Api::V1::LeadsController#index as JSON
  [1m[35mLead Load (3.5ms)[0m  SELECT `leads`.* FROM `leads`
  [1m[36mCACHE (0.0ms)[0m  [1mSELECT `leads`.* FROM `leads`[0m
Completed 200 OK in 10ms (Views: 4.4ms | ActiveRecord: 3.5ms)


Started GET "/api/v1/leads" for 127.0.0.1 at 2015-03-30 01:57:52 -0400
Processing by Api::V1::LeadsController#index as JSON
  [1m[35mLead Load (0.3ms)[0m  SELECT `leads`.* FROM `leads`
  [1m[36mCACHE (0.0ms)[0m  [1mSELECT `leads`.* FROM `leads`[0m
Completed 200 OK in 5ms (Views: 3.0ms | ActiveRecord: 0.3ms)


Started GET "/" for ::1 at 2015-03-30 01:58:17 -0400
Processing by Rails::WelcomeController#index as HTML
  Rendered /Users/kevin/.rvm/gems/ruby-2.2.1/gems/railties-4.2.1/lib/rails/templates/rails/welcome/index.html.erb (0.0ms)
Completed 200 OK in 1ms (Views: 1.3ms | ActiveRecord: 0.0ms)


Started GET "/" for ::1 at 2015-03-30 01:58:20 -0400
Processing by Rails::WelcomeController#index as HTML
  Rendered /Users/kevin/.rvm/gems/ruby-2.2.1/gems/railties-4.2.1/lib/rails/templates/rails/welcome/index.html.erb (0.0ms)
Completed 200 OK in 1ms (Views: 1.3ms | ActiveRecord: 0.0ms)


Started GET "/" for ::1 at 2015-03-30 01:58:22 -0400
Processing by Rails::WelcomeController#index as HTML
  Rendered /Users/kevin/.rvm/gems/ruby-2.2.1/gems/railties-4.2.1/lib/rails/templates/rails/welcome/index.html.erb (0.0ms)
Completed 200 OK in 1ms (Views: 1.3ms | ActiveRecord: 0.0ms)


Started GET "/api/v1/leads" for 127.0.0.1 at 2015-03-30 01:58:26 -0400
Processing by Api::V1::LeadsController#index as JSON
  [1m[35mLead Load (0.2ms)[0m  SELECT `leads`.* FROM `leads`
  [1m[36mCACHE (0.0ms)[0m  [1mSELECT `leads`.* FROM `leads`[0m
Completed 200 OK in 4ms (Views: 2.7ms | ActiveRecord: 0.2ms)


Started GET "/api/v1/leads" for 127.0.0.1 at 2015-03-30 01:58:41 -0400
Processing by Api::V1::LeadsController#index as JSON
  [1m[35mLead Load (0.3ms)[0m  SELECT `leads`.* FROM `leads`
  [1m[36mCACHE (0.0ms)[0m  [1mSELECT `leads`.* FROM `leads`[0m
Completed 200 OK in 5ms (Views: 3.2ms | ActiveRecord: 0.3ms)


Started GET "/api/v1/leads" for 127.0.0.1 at 2015-03-30 01:59:31 -0400
Processing by Api::V1::LeadsController#index as JSON
  [1m[35mLead Load (10.2ms)[0m  SELECT `leads`.* FROM `leads`
  [1m[36mCACHE (0.0ms)[0m  [1mSELECT `leads`.* FROM `leads`[0m
Completed 200 OK in 15ms (Views: 3.1ms | ActiveRecord: 10.2ms)


Started GET "/api/v1/leads" for 127.0.0.1 at 2015-03-30 01:59:31 -0400
Processing by Api::V1::LeadsController#index as JSON
  [1m[35mLead Load (2.6ms)[0m  SELECT `leads`.* FROM `leads`
  [1m[36mCACHE (0.0ms)[0m  [1mSELECT `leads`.* FROM `leads`[0m
Completed 200 OK in 9ms (Views: 4.6ms | ActiveRecord: 2.7ms)


Started GET "/api/v1/leads" for 127.0.0.1 at 2015-03-30 01:59:31 -0400
Processing by Api::V1::LeadsController#index as JSON
  [1m[35mLead Load (0.4ms)[0m  SELECT `leads`.* FROM `leads`
  [1m[36mCACHE (0.0ms)[0m  [1mSELECT `leads`.* FROM `leads`[0m
Completed 200 OK in 5ms (Views: 3.3ms | ActiveRecord: 0.4ms)


Started GET "/api/v1/leads" for 127.0.0.1 at 2015-03-30 01:59:37 -0400
Processing by Api::V1::LeadsController#index as JSON
  [1m[35mLead Load (23.5ms)[0m  SELECT `leads`.* FROM `leads`
  [1m[36mCACHE (0.0ms)[0m  [1mSELECT `leads`.* FROM `leads`[0m
Completed 200 OK in 29ms (Views: 3.3ms | ActiveRecord: 23.5ms)


Started GET "/api/v1/leads" for 127.0.0.1 at 2015-03-30 01:59:37 -0400
Processing by Api::V1::LeadsController#index as JSON
  [1m[35mLead Load (0.9ms)[0m  SELECT `leads`.* FROM `leads`
  [1m[36mCACHE (0.0ms)[0m  [1mSELECT `leads`.* FROM `leads`[0m
Completed 200 OK in 5ms (Views: 3.0ms | ActiveRecord: 0.9ms)


Started GET "/api/v1/leads" for 127.0.0.1 at 2015-03-30 01:59:38 -0400
Processing by Api::V1::LeadsController#index as JSON
  [1m[35mLead Load (0.3ms)[0m  SELECT `leads`.* FROM `leads`
  [1m[36mCACHE (0.0ms)[0m  [1mSELECT `leads`.* FROM `leads`[0m
Completed 200 OK in 5ms (Views: 3.1ms | ActiveRecord: 0.3ms)


Started GET "/api/v1/leads" for 127.0.0.1 at 2015-03-30 02:01:15 -0400
Processing by Api::V1::LeadsController#index as JSON
  [1m[35mLead Load (0.3ms)[0m  SELECT `leads`.* FROM `leads`
  [1m[36mCACHE (0.0ms)[0m  [1mSELECT `leads`.* FROM `leads`[0m
Completed 200 OK in 5ms (Views: 3.0ms | ActiveRecord: 0.3ms)


Started GET "/api/v1/leads" for 127.0.0.1 at 2015-03-30 02:03:09 -0400
Processing by Api::V1::LeadsController#index as JSON
  [1m[35mLead Load (0.8ms)[0m  SELECT `leads`.* FROM `leads`
  [1m[36mCACHE (0.0ms)[0m  [1mSELECT `leads`.* FROM `leads`[0m
Completed 200 OK in 6ms (Views: 3.6ms | ActiveRecord: 0.8ms)


Started GET "/api/v1/leads" for 127.0.0.1 at 2015-03-30 02:03:09 -0400
Processing by Api::V1::LeadsController#index as JSON
  [1m[35mLead Load (0.3ms)[0m  SELECT `leads`.* FROM `leads`
  [1m[36mCACHE (0.0ms)[0m  [1mSELECT `leads`.* FROM `leads`[0m
Completed 200 OK in 4ms (Views: 2.9ms | ActiveRecord: 0.3ms)


Started GET "/api/v1/leads" for 127.0.0.1 at 2015-03-30 02:03:11 -0400
Processing by Api::V1::LeadsController#index as JSON
  [1m[35mLead Load (0.2ms)[0m  SELECT `leads`.* FROM `leads`
  [1m[36mCACHE (0.0ms)[0m  [1mSELECT `leads`.* FROM `leads`[0m
Completed 200 OK in 4ms (Views: 3.0ms | ActiveRecord: 0.2ms)


Started GET "/api/v1/leads" for 127.0.0.1 at 2015-03-30 02:05:28 -0400
Processing by Api::V1::LeadsController#index as JSON
  [1m[35mLead Load (0.3ms)[0m  SELECT `leads`.* FROM `leads`
  [1m[36mCACHE (0.0ms)[0m  [1mSELECT `leads`.* FROM `leads`[0m
Completed 200 OK in 4ms (Views: 2.9ms | ActiveRecord: 0.3ms)


Started GET "/api/v1/leads" for 127.0.0.1 at 2015-03-30 02:05:28 -0400
Processing by Api::V1::LeadsController#index as JSON
  [1m[35mLead Load (0.3ms)[0m  SELECT `leads`.* FROM `leads`
  [1m[36mCACHE (0.0ms)[0m  [1mSELECT `leads`.* FROM `leads`[0m
Completed 200 OK in 7ms (Views: 3.7ms | ActiveRecord: 0.3ms)


Started GET "/api/v1/leads" for 127.0.0.1 at 2015-03-30 02:05:28 -0400
Processing by Api::V1::LeadsController#index as JSON
  [1m[35mLead Load (0.3ms)[0m  SELECT `leads`.* FROM `leads`
  [1m[36mCACHE (0.0ms)[0m  [1mSELECT `leads`.* FROM `leads`[0m
Completed 200 OK in 4ms (Views: 3.0ms | ActiveRecord: 0.3ms)


Started GET "/api/v1/leads" for 127.0.0.1 at 2015-03-30 02:05:44 -0400
Processing by Api::V1::LeadsController#index as JSON
  [1m[35mLead Load (0.5ms)[0m  SELECT `leads`.* FROM `leads`
  [1m[36mCACHE (0.0ms)[0m  [1mSELECT `leads`.* FROM `leads`[0m
Completed 200 OK in 6ms (Views: 4.3ms | ActiveRecord: 0.5ms)


Started GET "/api/v1/leads" for 127.0.0.1 at 2015-03-30 02:05:44 -0400
Processing by Api::V1::LeadsController#index as JSON
  [1m[35mLead Load (0.5ms)[0m  SELECT `leads`.* FROM `leads`
  [1m[36mCACHE (0.0ms)[0m  [1mSELECT `leads`.* FROM `leads`[0m
Completed 200 OK in 5ms (Views: 3.3ms | ActiveRecord: 0.5ms)


Started GET "/api/v1/leads" for 127.0.0.1 at 2015-03-30 02:05:45 -0400
Processing by Api::V1::LeadsController#index as JSON
  [1m[35mLead Load (0.2ms)[0m  SELECT `leads`.* FROM `leads`
  [1m[36mCACHE (0.0ms)[0m  [1mSELECT `leads`.* FROM `leads`[0m
Completed 200 OK in 4ms (Views: 2.6ms | ActiveRecord: 0.2ms)


Started GET "/api/v1/leads" for 127.0.0.1 at 2015-03-30 02:05:57 -0400
Processing by Api::V1::LeadsController#index as JSON
  [1m[35mLead Load (0.3ms)[0m  SELECT `leads`.* FROM `leads`
  [1m[36mCACHE (0.0ms)[0m  [1mSELECT `leads`.* FROM `leads`[0m
Completed 200 OK in 4ms (Views: 3.1ms | ActiveRecord: 0.3ms)


Started GET "/api/v1/leads" for 127.0.0.1 at 2015-03-30 02:05:57 -0400
Processing by Api::V1::LeadsController#index as JSON
  [1m[35mLead Load (0.3ms)[0m  SELECT `leads`.* FROM `leads`
  [1m[36mCACHE (0.0ms)[0m  [1mSELECT `leads`.* FROM `leads`[0m
Completed 200 OK in 6ms (Views: 4.4ms | ActiveRecord: 0.3ms)


Started GET "/api/v1/leads" for 127.0.0.1 at 2015-03-30 02:05:57 -0400
Processing by Api::V1::LeadsController#index as JSON
  [1m[35mLead Load (0.2ms)[0m  SELECT `leads`.* FROM `leads`
  [1m[36mCACHE (0.0ms)[0m  [1mSELECT `leads`.* FROM `leads`[0m
Completed 200 OK in 5ms (Views: 3.1ms | ActiveRecord: 0.3ms)


Started GET "/api/v1/leads" for 127.0.0.1 at 2015-03-30 02:06:01 -0400
Processing by Api::V1::LeadsController#index as JSON
  [1m[35mLead Load (0.3ms)[0m  SELECT `leads`.* FROM `leads`
  [1m[36mCACHE (0.0ms)[0m  [1mSELECT `leads`.* FROM `leads`[0m
Completed 200 OK in 5ms (Views: 3.5ms | ActiveRecord: 0.3ms)


Started GET "/api/v1/leads" for 127.0.0.1 at 2015-03-30 02:06:01 -0400
Processing by Api::V1::LeadsController#index as JSON
  [1m[35mLead Load (0.3ms)[0m  SELECT `leads`.* FROM `leads`
  [1m[36mCACHE (0.0ms)[0m  [1mSELECT `leads`.* FROM `leads`[0m
Completed 200 OK in 17ms (Views: 15.8ms | ActiveRecord: 0.3ms)


Started GET "/api/v1/leads" for 127.0.0.1 at 2015-03-30 02:06:01 -0400
Processing by Api::V1::LeadsController#index as JSON
  [1m[35mLead Load (0.4ms)[0m  SELECT `leads`.* FROM `leads`
  [1m[36mCACHE (0.0ms)[0m  [1mSELECT `leads`.* FROM `leads`[0m
Completed 200 OK in 5ms (Views: 3.2ms | ActiveRecord: 0.5ms)


Started GET "/api/v1/leads" for 127.0.0.1 at 2015-03-30 02:06:31 -0400
Processing by Api::V1::LeadsController#index as JSON
  [1m[35mLead Load (0.5ms)[0m  SELECT `leads`.* FROM `leads`
  [1m[36mCACHE (0.0ms)[0m  [1mSELECT `leads`.* FROM `leads`[0m
Completed 200 OK in 7ms (Views: 3.5ms | ActiveRecord: 0.5ms)


Started GET "/api/v1/leads" for 127.0.0.1 at 2015-03-30 02:06:31 -0400
Processing by Api::V1::LeadsController#index as JSON
  [1m[35mLead Load (1.2ms)[0m  SELECT `leads`.* FROM `leads`
  [1m[36mCACHE (0.0ms)[0m  [1mSELECT `leads`.* FROM `leads`[0m
Completed 200 OK in 6ms (Views: 4.0ms | ActiveRecord: 1.2ms)


Started GET "/api/v1/leads" for 127.0.0.1 at 2015-03-30 02:06:31 -0400
Processing by Api::V1::LeadsController#index as JSON
  [1m[35mLead Load (0.3ms)[0m  SELECT `leads`.* FROM `leads`
  [1m[36mCACHE (0.0ms)[0m  [1mSELECT `leads`.* FROM `leads`[0m
Completed 200 OK in 5ms (Views: 3.2ms | ActiveRecord: 0.3ms)


Started GET "/api/v1/leads" for 127.0.0.1 at 2015-03-30 02:06:44 -0400
Processing by Api::V1::LeadsController#index as JSON
  [1m[35mLead Load (0.3ms)[0m  SELECT `leads`.* FROM `leads`
  [1m[36mCACHE (0.0ms)[0m  [1mSELECT `leads`.* FROM `leads`[0m
Completed 200 OK in 5ms (Views: 3.1ms | ActiveRecord: 0.3ms)


Started GET "/api/v1/leads" for 127.0.0.1 at 2015-03-30 02:06:44 -0400
Processing by Api::V1::LeadsController#index as JSON
  [1m[35mLead Load (0.3ms)[0m  SELECT `leads`.* FROM `leads`
  [1m[36mCACHE (0.0ms)[0m  [1mSELECT `leads`.* FROM `leads`[0m
Completed 200 OK in 6ms (Views: 4.1ms | ActiveRecord: 0.3ms)


Started GET "/api/v1/leads" for 127.0.0.1 at 2015-03-30 02:06:46 -0400
Processing by Api::V1::LeadsController#index as JSON
  [1m[35mLead Load (0.2ms)[0m  SELECT `leads`.* FROM `leads`
  [1m[36mCACHE (0.0ms)[0m  [1mSELECT `leads`.* FROM `leads`[0m
Completed 200 OK in 4ms (Views: 2.7ms | ActiveRecord: 0.2ms)


Started GET "/api/v1/leads" for 127.0.0.1 at 2015-03-30 02:06:48 -0400
Processing by Api::V1::LeadsController#index as JSON
  [1m[35mLead Load (0.3ms)[0m  SELECT `leads`.* FROM `leads`
  [1m[36mCACHE (0.0ms)[0m  [1mSELECT `leads`.* FROM `leads`[0m
Completed 200 OK in 5ms (Views: 3.4ms | ActiveRecord: 0.4ms)


Started GET "/api/v1/leads" for 127.0.0.1 at 2015-03-30 02:06:48 -0400
Processing by Api::V1::LeadsController#index as JSON
  [1m[35mLead Load (0.3ms)[0m  SELECT `leads`.* FROM `leads`
  [1m[36mCACHE (0.0ms)[0m  [1mSELECT `leads`.* FROM `leads`[0m
Completed 200 OK in 5ms (Views: 3.4ms | ActiveRecord: 0.3ms)


Started GET "/api/v1/leads" for 127.0.0.1 at 2015-03-30 02:06:48 -0400
Processing by Api::V1::LeadsController#index as JSON
  [1m[35mLead Load (0.3ms)[0m  SELECT `leads`.* FROM `leads`
  [1m[36mCACHE (0.0ms)[0m  [1mSELECT `leads`.* FROM `leads`[0m
Completed 200 OK in 4ms (Views: 2.8ms | ActiveRecord: 0.3ms)


Started GET "/api/v1/leads" for 127.0.0.1 at 2015-03-30 02:07:07 -0400
Processing by Api::V1::LeadsController#index as JSON
  [1m[35mLead Load (0.9ms)[0m  SELECT `leads`.* FROM `leads`
  [1m[36mCACHE (0.0ms)[0m  [1mSELECT `leads`.* FROM `leads`[0m
Completed 200 OK in 6ms (Views: 3.9ms | ActiveRecord: 0.9ms)


Started GET "/api/v1/leads" for 127.0.0.1 at 2015-03-30 02:07:07 -0400
Processing by Api::V1::LeadsController#index as JSON
  [1m[35mLead Load (2.9ms)[0m  SELECT `leads`.* FROM `leads`
  [1m[36mCACHE (0.0ms)[0m  [1mSELECT `leads`.* FROM `leads`[0m
Completed 200 OK in 9ms (Views: 4.4ms | ActiveRecord: 2.9ms)


Started GET "/api/v1/leads" for 127.0.0.1 at 2015-03-30 02:07:08 -0400
Processing by Api::V1::LeadsController#index as JSON
  [1m[35mLead Load (0.2ms)[0m  SELECT `leads`.* FROM `leads`
  [1m[36mCACHE (0.0ms)[0m  [1mSELECT `leads`.* FROM `leads`[0m
Completed 200 OK in 4ms (Views: 2.6ms | ActiveRecord: 0.2ms)


Started GET "/api/v1/leads" for 127.0.0.1 at 2015-03-30 02:07:10 -0400
Processing by Api::V1::LeadsController#index as JSON
  [1m[35mLead Load (0.9ms)[0m  SELECT `leads`.* FROM `leads`
  [1m[36mCACHE (0.0ms)[0m  [1mSELECT `leads`.* FROM `leads`[0m
Completed 200 OK in 6ms (Views: 3.4ms | ActiveRecord: 1.0ms)


Started GET "/api/v1/leads" for 127.0.0.1 at 2015-03-30 02:07:10 -0400
Processing by Api::V1::LeadsController#index as JSON
  [1m[35mLead Load (0.4ms)[0m  SELECT `leads`.* FROM `leads`
  [1m[36mCACHE (0.0ms)[0m  [1mSELECT `leads`.* FROM `leads`[0m
Completed 200 OK in 6ms (Views: 3.6ms | ActiveRecord: 0.4ms)


Started GET "/api/v1/leads" for 127.0.0.1 at 2015-03-30 02:07:10 -0400
Processing by Api::V1::LeadsController#index as JSON
  [1m[35mLead Load (0.3ms)[0m  SELECT `leads`.* FROM `leads`
  [1m[36mCACHE (0.0ms)[0m  [1mSELECT `leads`.* FROM `leads`[0m
Completed 200 OK in 4ms (Views: 2.8ms | ActiveRecord: 0.3ms)


Started GET "/api/v1/leads" for 127.0.0.1 at 2015-03-30 02:07:15 -0400
Processing by Api::V1::LeadsController#index as JSON
  [1m[35mLead Load (0.5ms)[0m  SELECT `leads`.* FROM `leads`
  [1m[36mCACHE (0.0ms)[0m  [1mSELECT `leads`.* FROM `leads`[0m
Completed 200 OK in 5ms (Views: 3.6ms | ActiveRecord: 0.5ms)


Started GET "/api/v1/leads" for 127.0.0.1 at 2015-03-30 02:07:15 -0400
Processing by Api::V1::LeadsController#index as JSON
  [1m[35mLead Load (0.7ms)[0m  SELECT `leads`.* FROM `leads`
  [1m[36mCACHE (0.0ms)[0m  [1mSELECT `leads`.* FROM `leads`[0m
Completed 200 OK in 9ms (Views: 6.8ms | ActiveRecord: 0.7ms)


Started GET "/api/v1/leads" for 127.0.0.1 at 2015-03-30 02:07:15 -0400
Processing by Api::V1::LeadsController#index as JSON
  [1m[35mLead Load (0.4ms)[0m  SELECT `leads`.* FROM `leads`
  [1m[36mCACHE (0.0ms)[0m  [1mSELECT `leads`.* FROM `leads`[0m
Completed 200 OK in 5ms (Views: 3.4ms | ActiveRecord: 0.4ms)


Started GET "/api/v1/leads" for 127.0.0.1 at 2015-03-30 02:07:43 -0400
Processing by Api::V1::LeadsController#index as JSON
  [1m[35mLead Load (1.1ms)[0m  SELECT `leads`.* FROM `leads`
  [1m[36mCACHE (0.0ms)[0m  [1mSELECT `leads`.* FROM `leads`[0m
Completed 200 OK in 6ms (Views: 3.2ms | ActiveRecord: 1.1ms)


Started GET "/api/v1/leads" for 127.0.0.1 at 2015-03-30 02:07:43 -0400
Processing by Api::V1::LeadsController#index as JSON
  [1m[35mLead Load (8.6ms)[0m  SELECT `leads`.* FROM `leads`
  [1m[36mCACHE (0.0ms)[0m  [1mSELECT `leads`.* FROM `leads`[0m
Completed 200 OK in 15ms (Views: 3.4ms | ActiveRecord: 8.6ms)


Started GET "/api/v1/leads" for 127.0.0.1 at 2015-03-30 02:07:43 -0400
Processing by Api::V1::LeadsController#index as JSON
  [1m[35mLead Load (0.3ms)[0m  SELECT `leads`.* FROM `leads`
  [1m[36mCACHE (0.0ms)[0m  [1mSELECT `leads`.* FROM `leads`[0m
Completed 200 OK in 4ms (Views: 2.7ms | ActiveRecord: 0.3ms)


Started GET "/api/v1/leads" for 127.0.0.1 at 2015-03-30 02:07:46 -0400
Processing by Api::V1::LeadsController#index as JSON
  [1m[35mLead Load (0.4ms)[0m  SELECT `leads`.* FROM `leads`
  [1m[36mCACHE (0.0ms)[0m  [1mSELECT `leads`.* FROM `leads`[0m
Completed 200 OK in 5ms (Views: 3.2ms | ActiveRecord: 0.5ms)


Started GET "/api/v1/leads" for 127.0.0.1 at 2015-03-30 02:07:47 -0400
Processing by Api::V1::LeadsController#index as JSON
  [1m[35mLead Load (0.3ms)[0m  SELECT `leads`.* FROM `leads`
  [1m[36mCACHE (0.0ms)[0m  [1mSELECT `leads`.* FROM `leads`[0m
Completed 200 OK in 4ms (Views: 2.9ms | ActiveRecord: 0.3ms)


Started GET "/api/v1/leads" for 127.0.0.1 at 2015-03-30 02:07:47 -0400
Processing by Api::V1::LeadsController#index as JSON
  [1m[35mLead Load (0.3ms)[0m  SELECT `leads`.* FROM `leads`
  [1m[36mCACHE (0.0ms)[0m  [1mSELECT `leads`.* FROM `leads`[0m
Completed 200 OK in 4ms (Views: 2.9ms | ActiveRecord: 0.3ms)


Started GET "/api/v1/leads" for 127.0.0.1 at 2015-03-30 02:08:15 -0400
Processing by Api::V1::LeadsController#index as JSON
  [1m[35mLead Load (0.5ms)[0m  SELECT `leads`.* FROM `leads`
  [1m[36mCACHE (0.0ms)[0m  [1mSELECT `leads`.* FROM `leads`[0m
Completed 200 OK in 5ms (Views: 3.3ms | ActiveRecord: 0.5ms)


Started GET "/api/v1/leads" for 127.0.0.1 at 2015-03-30 02:08:15 -0400
Processing by Api::V1::LeadsController#index as JSON
  [1m[35mLead Load (0.3ms)[0m  SELECT `leads`.* FROM `leads`
  [1m[36mCACHE (0.0ms)[0m  [1mSELECT `leads`.* FROM `leads`[0m
Completed 200 OK in 5ms (Views: 3.2ms | ActiveRecord: 0.4ms)


Started GET "/api/v1/leads" for 127.0.0.1 at 2015-03-30 02:08:15 -0400
Processing by Api::V1::LeadsController#index as JSON
  [1m[35mLead Load (0.3ms)[0m  SELECT `leads`.* FROM `leads`
  [1m[36mCACHE (0.0ms)[0m  [1mSELECT `leads`.* FROM `leads`[0m
Completed 200 OK in 6ms (Views: 4.2ms | ActiveRecord: 0.3ms)


Started GET "/api/v1/leads" for 127.0.0.1 at 2015-03-30 02:08:21 -0400
Processing by Api::V1::LeadsController#index as JSON
  [1m[35mLead Load (0.3ms)[0m  SELECT `leads`.* FROM `leads`
  [1m[36mCACHE (0.0ms)[0m  [1mSELECT `leads`.* FROM `leads`[0m
Completed 200 OK in 11ms (Views: 8.9ms | ActiveRecord: 0.3ms)


Started GET "/api/v1/leads" for 127.0.0.1 at 2015-03-30 02:08:21 -0400
Processing by Api::V1::LeadsController#index as JSON
  [1m[35mLead Load (0.7ms)[0m  SELECT `leads`.* FROM `leads`
  [1m[36mCACHE (0.0ms)[0m  [1mSELECT `leads`.* FROM `leads`[0m
Completed 200 OK in 10ms (Views: 7.6ms | ActiveRecord: 0.7ms)


Started GET "/api/v1/leads" for 127.0.0.1 at 2015-03-30 02:08:21 -0400
Processing by Api::V1::LeadsController#index as JSON
  [1m[35mLead Load (2.7ms)[0m  SELECT `leads`.* FROM `leads`
  [1m[36mCACHE (0.0ms)[0m  [1mSELECT `leads`.* FROM `leads`[0m
Completed 200 OK in 9ms (Views: 3.8ms | ActiveRecord: 2.7ms)


Started GET "/api/v1/leads" for 127.0.0.1 at 2015-03-30 02:08:28 -0400
Processing by Api::V1::LeadsController#index as JSON
  [1m[35mLead Load (0.3ms)[0m  SELECT `leads`.* FROM `leads`
  [1m[36mCACHE (0.0ms)[0m  [1mSELECT `leads`.* FROM `leads`[0m
Completed 200 OK in 4ms (Views: 2.6ms | ActiveRecord: 0.3ms)


Started GET "/api/v1/leads" for 127.0.0.1 at 2015-03-30 02:08:28 -0400
Processing by Api::V1::LeadsController#index as JSON
  [1m[35mLead Load (0.3ms)[0m  SELECT `leads`.* FROM `leads`
  [1m[36mCACHE (0.0ms)[0m  [1mSELECT `leads`.* FROM `leads`[0m
Completed 200 OK in 8ms (Views: 6.3ms | ActiveRecord: 0.3ms)


Started GET "/api/v1/leads" for 127.0.0.1 at 2015-03-30 02:08:28 -0400
Processing by Api::V1::LeadsController#index as JSON
  [1m[35mLead Load (0.3ms)[0m  SELECT `leads`.* FROM `leads`
  [1m[36mCACHE (0.0ms)[0m  [1mSELECT `leads`.* FROM `leads`[0m
Completed 200 OK in 4ms (Views: 2.9ms | ActiveRecord: 0.3ms)


Started GET "/api/v1/leads" for 127.0.0.1 at 2015-03-30 02:08:32 -0400
Processing by Api::V1::LeadsController#index as JSON
  [1m[35mLead Load (0.3ms)[0m  SELECT `leads`.* FROM `leads`
  [1m[36mCACHE (0.0ms)[0m  [1mSELECT `leads`.* FROM `leads`[0m
Completed 200 OK in 4ms (Views: 2.8ms | ActiveRecord: 0.3ms)


Started GET "/api/v1/leads" for 127.0.0.1 at 2015-03-30 02:08:32 -0400
Processing by Api::V1::LeadsController#index as JSON
  [1m[35mLead Load (0.7ms)[0m  SELECT `leads`.* FROM `leads`
  [1m[36mCACHE (0.0ms)[0m  [1mSELECT `leads`.* FROM `leads`[0m
Completed 200 OK in 6ms (Views: 4.2ms | ActiveRecord: 0.7ms)


Started GET "/api/v1/leads" for 127.0.0.1 at 2015-03-30 02:08:32 -0400
Processing by Api::V1::LeadsController#index as JSON
  [1m[35mLead Load (0.3ms)[0m  SELECT `leads`.* FROM `leads`
  [1m[36mCACHE (0.0ms)[0m  [1mSELECT `leads`.* FROM `leads`[0m
Completed 200 OK in 5ms (Views: 3.2ms | ActiveRecord: 0.3ms)


Started GET "/api/v1/leads" for 127.0.0.1 at 2015-03-30 02:08:55 -0400
Processing by Api::V1::LeadsController#index as JSON
  [1m[35mLead Load (0.8ms)[0m  SELECT `leads`.* FROM `leads`
  [1m[36mCACHE (0.0ms)[0m  [1mSELECT `leads`.* FROM `leads`[0m
Completed 200 OK in 6ms (Views: 3.4ms | ActiveRecord: 0.8ms)


Started GET "/api/v1/leads" for 127.0.0.1 at 2015-03-30 02:08:55 -0400
Processing by Api::V1::LeadsController#index as JSON
  [1m[35mLead Load (0.5ms)[0m  SELECT `leads`.* FROM `leads`
  [1m[36mCACHE (0.0ms)[0m  [1mSELECT `leads`.* FROM `leads`[0m
Completed 200 OK in 9ms (Views: 5.5ms | ActiveRecord: 0.5ms)


Started GET "/api/v1/leads" for 127.0.0.1 at 2015-03-30 02:08:55 -0400
Processing by Api::V1::LeadsController#index as JSON
  [1m[35mLead Load (0.3ms)[0m  SELECT `leads`.* FROM `leads`
  [1m[36mCACHE (0.0ms)[0m  [1mSELECT `leads`.* FROM `leads`[0m
Completed 200 OK in 4ms (Views: 3.1ms | ActiveRecord: 0.3ms)


Started GET "/api/v1/leads" for 127.0.0.1 at 2015-03-30 02:09:03 -0400
Processing by Api::V1::LeadsController#index as JSON
  [1m[35mLead Load (3.1ms)[0m  SELECT `leads`.* FROM `leads`
  [1m[36mCACHE (0.0ms)[0m  [1mSELECT `leads`.* FROM `leads`[0m
Completed 200 OK in 12ms (Views: 6.6ms | ActiveRecord: 3.1ms)


Started GET "/api/v1/leads" for 127.0.0.1 at 2015-03-30 02:09:04 -0400
Processing by Api::V1::LeadsController#index as JSON
  [1m[35mLead Load (0.3ms)[0m  SELECT `leads`.* FROM `leads`
  [1m[36mCACHE (0.0ms)[0m  [1mSELECT `leads`.* FROM `leads`[0m
Completed 200 OK in 5ms (Views: 3.1ms | ActiveRecord: 0.3ms)


Started GET "/api/v1/leads" for 127.0.0.1 at 2015-03-30 02:09:04 -0400
Processing by Api::V1::LeadsController#index as JSON
  [1m[35mLead Load (0.3ms)[0m  SELECT `leads`.* FROM `leads`
  [1m[36mCACHE (0.0ms)[0m  [1mSELECT `leads`.* FROM `leads`[0m
Completed 200 OK in 5ms (Views: 3.3ms | ActiveRecord: 0.3ms)


Started GET "/api/v1/leads" for 127.0.0.1 at 2015-03-30 02:09:09 -0400
Processing by Api::V1::LeadsController#index as JSON
  [1m[35mLead Load (0.3ms)[0m  SELECT `leads`.* FROM `leads`
  [1m[36mCACHE (0.0ms)[0m  [1mSELECT `leads`.* FROM `leads`[0m
Completed 200 OK in 10ms (Views: 3.3ms | ActiveRecord: 0.3ms)


Started GET "/api/v1/leads" for 127.0.0.1 at 2015-03-30 02:09:09 -0400
Processing by Api::V1::LeadsController#index as JSON
  [1m[35mLead Load (0.4ms)[0m  SELECT `leads`.* FROM `leads`
  [1m[36mCACHE (0.0ms)[0m  [1mSELECT `leads`.* FROM `leads`[0m
Completed 200 OK in 12ms (Views: 9.2ms | ActiveRecord: 0.4ms)


Started GET "/api/v1/leads" for 127.0.0.1 at 2015-03-30 02:09:09 -0400
Processing by Api::V1::LeadsController#index as JSON
  [1m[35mLead Load (0.3ms)[0m  SELECT `leads`.* FROM `leads`
  [1m[36mCACHE (0.0ms)[0m  [1mSELECT `leads`.* FROM `leads`[0m
Completed 200 OK in 5ms (Views: 3.6ms | ActiveRecord: 0.3ms)


Started GET "/api/v1/leads" for 127.0.0.1 at 2015-03-30 02:09:14 -0400
Processing by Api::V1::LeadsController#index as JSON
  [1m[35mLead Load (0.3ms)[0m  SELECT `leads`.* FROM `leads`
  [1m[36mCACHE (0.0ms)[0m  [1mSELECT `leads`.* FROM `leads`[0m
Completed 200 OK in 5ms (Views: 3.8ms | ActiveRecord: 0.3ms)


Started GET "/api/v1/leads" for 127.0.0.1 at 2015-03-30 02:09:14 -0400
Processing by Api::V1::LeadsController#index as JSON
  [1m[35mLead Load (1.3ms)[0m  SELECT `leads`.* FROM `leads`
  [1m[36mCACHE (0.0ms)[0m  [1mSELECT `leads`.* FROM `leads`[0m
Completed 200 OK in 6ms (Views: 3.2ms | ActiveRecord: 1.3ms)


Started GET "/api/v1/leads" for 127.0.0.1 at 2015-03-30 02:09:16 -0400
Processing by Api::V1::LeadsController#index as JSON
  [1m[35mLead Load (0.3ms)[0m  SELECT `leads`.* FROM `leads`
  [1m[36mCACHE (0.0ms)[0m  [1mSELECT `leads`.* FROM `leads`[0m
Completed 200 OK in 5ms (Views: 3.2ms | ActiveRecord: 0.3ms)


Started GET "/api/v1/leads" for 127.0.0.1 at 2015-03-30 02:09:19 -0400
Processing by Api::V1::LeadsController#index as JSON
  [1m[35mLead Load (2.3ms)[0m  SELECT `leads`.* FROM `leads`
  [1m[36mCACHE (0.0ms)[0m  [1mSELECT `leads`.* FROM `leads`[0m
Completed 200 OK in 8ms (Views: 3.6ms | ActiveRecord: 2.3ms)


Started GET "/api/v1/leads" for 127.0.0.1 at 2015-03-30 02:09:19 -0400
Processing by Api::V1::LeadsController#index as JSON
  [1m[35mLead Load (0.3ms)[0m  SELECT `leads`.* FROM `leads`
  [1m[36mCACHE (0.0ms)[0m  [1mSELECT `leads`.* FROM `leads`[0m
Completed 200 OK in 7ms (Views: 5.1ms | ActiveRecord: 0.3ms)


Started GET "/api/v1/leads" for 127.0.0.1 at 2015-03-30 02:09:19 -0400
Processing by Api::V1::LeadsController#index as JSON
  [1m[35mLead Load (0.3ms)[0m  SELECT `leads`.* FROM `leads`
  [1m[36mCACHE (0.0ms)[0m  [1mSELECT `leads`.* FROM `leads`[0m
Completed 200 OK in 6ms (Views: 3.7ms | ActiveRecord: 0.4ms)


Started GET "/api/v1/leads" for 127.0.0.1 at 2015-03-30 02:09:24 -0400
Processing by Api::V1::LeadsController#index as JSON
  [1m[35mLead Load (1.6ms)[0m  SELECT `leads`.* FROM `leads`
  [1m[36mCACHE (0.0ms)[0m  [1mSELECT `leads`.* FROM `leads`[0m
Completed 200 OK in 10ms (Views: 4.4ms | ActiveRecord: 1.7ms)


Started GET "/api/v1/leads" for 127.0.0.1 at 2015-03-30 02:09:24 -0400
Processing by Api::V1::LeadsController#index as JSON
  [1m[35mLead Load (0.8ms)[0m  SELECT `leads`.* FROM `leads`
  [1m[36mCACHE (0.0ms)[0m  [1mSELECT `leads`.* FROM `leads`[0m
Completed 200 OK in 8ms (Views: 5.3ms | ActiveRecord: 0.9ms)


Started GET "/api/v1/leads" for 127.0.0.1 at 2015-03-30 02:09:25 -0400
Processing by Api::V1::LeadsController#index as JSON
  [1m[35mLead Load (0.3ms)[0m  SELECT `leads`.* FROM `leads`
  [1m[36mCACHE (0.0ms)[0m  [1mSELECT `leads`.* FROM `leads`[0m
Completed 200 OK in 4ms (Views: 2.8ms | ActiveRecord: 0.3ms)


Started GET "/api/v1/leads" for 127.0.0.1 at 2015-03-30 02:09:50 -0400
Processing by Api::V1::LeadsController#index as JSON
  [1m[35mLead Load (1.8ms)[0m  SELECT `leads`.* FROM `leads`
  [1m[36mCACHE (0.0ms)[0m  [1mSELECT `leads`.* FROM `leads`[0m
Completed 200 OK in 7ms (Views: 3.6ms | ActiveRecord: 1.9ms)


Started GET "/api/v1/leads" for 127.0.0.1 at 2015-03-30 02:09:50 -0400
Processing by Api::V1::LeadsController#index as JSON
  [1m[35mLead Load (1.5ms)[0m  SELECT `leads`.* FROM `leads`
  [1m[36mCACHE (0.0ms)[0m  [1mSELECT `leads`.* FROM `leads`[0m
Completed 200 OK in 7ms (Views: 4.4ms | ActiveRecord: 1.5ms)


Started GET "/api/v1/leads" for 127.0.0.1 at 2015-03-30 02:09:52 -0400
Processing by Api::V1::LeadsController#index as JSON
  [1m[35mLead Load (0.3ms)[0m  SELECT `leads`.* FROM `leads`
  [1m[36mCACHE (0.0ms)[0m  [1mSELECT `leads`.* FROM `leads`[0m
Completed 200 OK in 4ms (Views: 3.1ms | ActiveRecord: 0.3ms)


Started GET "/api/v1/leads" for 127.0.0.1 at 2015-03-30 02:09:55 -0400
Processing by Api::V1::LeadsController#index as JSON
  [1m[35mLead Load (0.3ms)[0m  SELECT `leads`.* FROM `leads`
  [1m[36mCACHE (0.0ms)[0m  [1mSELECT `leads`.* FROM `leads`[0m
Completed 200 OK in 4ms (Views: 2.7ms | ActiveRecord: 0.3ms)


Started GET "/api/v1/leads" for 127.0.0.1 at 2015-03-30 02:09:55 -0400
Processing by Api::V1::LeadsController#index as JSON
  [1m[35mLead Load (0.3ms)[0m  SELECT `leads`.* FROM `leads`
  [1m[36mCACHE (0.0ms)[0m  [1mSELECT `leads`.* FROM `leads`[0m
Completed 200 OK in 5ms (Views: 3.2ms | ActiveRecord: 0.3ms)


Started GET "/api/v1/leads" for 127.0.0.1 at 2015-03-30 02:09:56 -0400
Processing by Api::V1::LeadsController#index as JSON
  [1m[35mLead Load (0.3ms)[0m  SELECT `leads`.* FROM `leads`
  [1m[36mCACHE (0.0ms)[0m  [1mSELECT `leads`.* FROM `leads`[0m
Completed 200 OK in 5ms (Views: 3.1ms | ActiveRecord: 0.3ms)


Started GET "/api/v1/leads" for 127.0.0.1 at 2015-03-30 02:09:59 -0400
Processing by Api::V1::LeadsController#index as JSON
  [1m[35mLead Load (0.3ms)[0m  SELECT `leads`.* FROM `leads`
  [1m[36mCACHE (0.0ms)[0m  [1mSELECT `leads`.* FROM `leads`[0m
Completed 200 OK in 4ms (Views: 3.0ms | ActiveRecord: 0.3ms)


Started GET "/api/v1/leads" for 127.0.0.1 at 2015-03-30 02:09:59 -0400
Processing by Api::V1::LeadsController#index as JSON
  [1m[35mLead Load (0.3ms)[0m  SELECT `leads`.* FROM `leads`
  [1m[36mCACHE (0.0ms)[0m  [1mSELECT `leads`.* FROM `leads`[0m
Completed 200 OK in 8ms (Views: 6.7ms | ActiveRecord: 0.3ms)


Started GET "/api/v1/leads" for 127.0.0.1 at 2015-03-30 02:09:59 -0400
Processing by Api::V1::LeadsController#index as JSON
  [1m[35mLead Load (0.3ms)[0m  SELECT `leads`.* FROM `leads`
  [1m[36mCACHE (0.0ms)[0m  [1mSELECT `leads`.* FROM `leads`[0m
Completed 200 OK in 6ms (Views: 3.9ms | ActiveRecord: 0.3ms)


Started GET "/api/v1/leads" for 127.0.0.1 at 2015-03-30 02:10:04 -0400
Processing by Api::V1::LeadsController#index as JSON
  [1m[35mLead Load (0.3ms)[0m  SELECT `leads`.* FROM `leads`
  [1m[36mCACHE (0.0ms)[0m  [1mSELECT `leads`.* FROM `leads`[0m
Completed 200 OK in 5ms (Views: 3.2ms | ActiveRecord: 0.3ms)


Started GET "/api/v1/leads" for 127.0.0.1 at 2015-03-30 02:10:04 -0400
Processing by Api::V1::LeadsController#index as JSON
  [1m[35mLead Load (0.6ms)[0m  SELECT `leads`.* FROM `leads`
  [1m[36mCACHE (0.0ms)[0m  [1mSELECT `leads`.* FROM `leads`[0m
Completed 200 OK in 5ms (Views: 3.1ms | ActiveRecord: 0.6ms)


Started GET "/api/v1/leads" for 127.0.0.1 at 2015-03-30 02:10:04 -0400
Processing by Api::V1::LeadsController#index as JSON
  [1m[35mLead Load (0.3ms)[0m  SELECT `leads`.* FROM `leads`
  [1m[36mCACHE (0.0ms)[0m  [1mSELECT `leads`.* FROM `leads`[0m
Completed 200 OK in 4ms (Views: 2.9ms | ActiveRecord: 0.3ms)


Started GET "/api/v1/leads" for 127.0.0.1 at 2015-03-30 02:10:10 -0400
Processing by Api::V1::LeadsController#index as JSON
  [1m[35mLead Load (2.0ms)[0m  SELECT `leads`.* FROM `leads`
  [1m[36mCACHE (0.0ms)[0m  [1mSELECT `leads`.* FROM `leads`[0m
Completed 200 OK in 7ms (Views: 3.1ms | ActiveRecord: 2.1ms)


Started GET "/api/v1/leads" for 127.0.0.1 at 2015-03-30 02:10:10 -0400
Processing by Api::V1::LeadsController#index as JSON
  [1m[35mLead Load (0.7ms)[0m  SELECT `leads`.* FROM `leads`
  [1m[36mCACHE (0.0ms)[0m  [1mSELECT `leads`.* FROM `leads`[0m
Completed 200 OK in 8ms (Views: 5.2ms | ActiveRecord: 0.7ms)


Started GET "/api/v1/leads" for 127.0.0.1 at 2015-03-30 02:10:10 -0400
Processing by Api::V1::LeadsController#index as JSON
  [1m[35mLead Load (0.3ms)[0m  SELECT `leads`.* FROM `leads`
  [1m[36mCACHE (0.0ms)[0m  [1mSELECT `leads`.* FROM `leads`[0m
Completed 200 OK in 4ms (Views: 3.0ms | ActiveRecord: 0.3ms)


Started GET "/api/v1/leads" for 127.0.0.1 at 2015-03-30 02:10:17 -0400
Processing by Api::V1::LeadsController#index as JSON
  [1m[35mLead Load (0.7ms)[0m  SELECT `leads`.* FROM `leads`
  [1m[36mCACHE (0.0ms)[0m  [1mSELECT `leads`.* FROM `leads`[0m
Completed 200 OK in 6ms (Views: 3.8ms | ActiveRecord: 0.7ms)


Started GET "/api/v1/leads" for 127.0.0.1 at 2015-03-30 02:10:17 -0400
Processing by Api::V1::LeadsController#index as JSON
  [1m[35mLead Load (0.3ms)[0m  SELECT `leads`.* FROM `leads`
  [1m[36mCACHE (0.0ms)[0m  [1mSELECT `leads`.* FROM `leads`[0m
Completed 200 OK in 5ms (Views: 3.1ms | ActiveRecord: 0.3ms)


Started GET "/api/v1/leads" for 127.0.0.1 at 2015-03-30 02:10:17 -0400
Processing by Api::V1::LeadsController#index as JSON
  [1m[35mLead Load (0.2ms)[0m  SELECT `leads`.* FROM `leads`
  [1m[36mCACHE (0.0ms)[0m  [1mSELECT `leads`.* FROM `leads`[0m
Completed 200 OK in 12ms (Views: 10.2ms | ActiveRecord: 0.3ms)


Started GET "/api/v1/leads" for 127.0.0.1 at 2015-03-30 02:10:32 -0400
Processing by Api::V1::LeadsController#index as JSON
  [1m[35mLead Load (1.7ms)[0m  SELECT `leads`.* FROM `leads`
  [1m[36mCACHE (0.0ms)[0m  [1mSELECT `leads`.* FROM `leads`[0m
Completed 200 OK in 7ms (Views: 4.5ms | ActiveRecord: 1.7ms)


Started GET "/api/v1/leads" for 127.0.0.1 at 2015-03-30 02:10:32 -0400
Processing by Api::V1::LeadsController#index as JSON
  [1m[35mLead Load (2.5ms)[0m  SELECT `leads`.* FROM `leads`
  [1m[36mCACHE (0.0ms)[0m  [1mSELECT `leads`.* FROM `leads`[0m
Completed 200 OK in 9ms (Views: 4.5ms | ActiveRecord: 2.5ms)


Started GET "/api/v1/leads" for 127.0.0.1 at 2015-03-30 02:10:34 -0400
Processing by Api::V1::LeadsController#index as JSON
  [1m[35mLead Load (0.2ms)[0m  SELECT `leads`.* FROM `leads`
  [1m[36mCACHE (0.0ms)[0m  [1mSELECT `leads`.* FROM `leads`[0m
Completed 200 OK in 4ms (Views: 2.7ms | ActiveRecord: 0.2ms)


Started GET "/api/v1/leads" for 127.0.0.1 at 2015-03-30 02:10:47 -0400
Processing by Api::V1::LeadsController#index as JSON
  [1m[35mLead Load (1.2ms)[0m  SELECT `leads`.* FROM `leads`
  [1m[36mCACHE (0.0ms)[0m  [1mSELECT `leads`.* FROM `leads`[0m
Completed 200 OK in 8ms (Views: 5.1ms | ActiveRecord: 1.2ms)


Started GET "/api/v1/leads" for 127.0.0.1 at 2015-03-30 02:10:47 -0400
Processing by Api::V1::LeadsController#index as JSON
  [1m[35mLead Load (0.3ms)[0m  SELECT `leads`.* FROM `leads`
  [1m[36mCACHE (0.0ms)[0m  [1mSELECT `leads`.* FROM `leads`[0m
Completed 200 OK in 4ms (Views: 3.0ms | ActiveRecord: 0.3ms)


Started GET "/api/v1/leads" for 127.0.0.1 at 2015-03-30 02:10:49 -0400
Processing by Api::V1::LeadsController#index as JSON
  [1m[35mLead Load (0.2ms)[0m  SELECT `leads`.* FROM `leads`
  [1m[36mCACHE (0.0ms)[0m  [1mSELECT `leads`.* FROM `leads`[0m
Completed 200 OK in 4ms (Views: 2.9ms | ActiveRecord: 0.3ms)


Started GET "/api/v1/leads" for 127.0.0.1 at 2015-03-30 02:10:55 -0400
Processing by Api::V1::LeadsController#index as JSON
  [1m[35mLead Load (0.3ms)[0m  SELECT `leads`.* FROM `leads`
  [1m[36mCACHE (0.0ms)[0m  [1mSELECT `leads`.* FROM `leads`[0m
Completed 200 OK in 7ms (Views: 3.8ms | ActiveRecord: 0.3ms)


Started GET "/api/v1/leads" for 127.0.0.1 at 2015-03-30 02:10:55 -0400
Processing by Api::V1::LeadsController#index as JSON
  [1m[35mLead Load (0.3ms)[0m  SELECT `leads`.* FROM `leads`
  [1m[36mCACHE (0.0ms)[0m  [1mSELECT `leads`.* FROM `leads`[0m
Completed 200 OK in 5ms (Views: 3.4ms | ActiveRecord: 0.3ms)


Started GET "/api/v1/leads" for 127.0.0.1 at 2015-03-30 02:10:55 -0400
Processing by Api::V1::LeadsController#index as JSON
  [1m[35mLead Load (0.3ms)[0m  SELECT `leads`.* FROM `leads`
  [1m[36mCACHE (0.0ms)[0m  [1mSELECT `leads`.* FROM `leads`[0m
Completed 200 OK in 5ms (Views: 3.4ms | ActiveRecord: 0.4ms)


Started GET "/api/v1/leads" for 127.0.0.1 at 2015-03-30 02:11:21 -0400
Processing by Api::V1::LeadsController#index as JSON
  [1m[35mLead Load (2.3ms)[0m  SELECT `leads`.* FROM `leads`
  [1m[36mCACHE (0.0ms)[0m  [1mSELECT `leads`.* FROM `leads`[0m
Completed 200 OK in 8ms (Views: 3.3ms | ActiveRecord: 2.3ms)


Started GET "/api/v1/leads" for 127.0.0.1 at 2015-03-30 02:11:21 -0400
Processing by Api::V1::LeadsController#index as JSON
  [1m[35mLead Load (3.7ms)[0m  SELECT `leads`.* FROM `leads`
  [1m[36mCACHE (0.0ms)[0m  [1mSELECT `leads`.* FROM `leads`[0m
Completed 200 OK in 9ms (Views: 3.4ms | ActiveRecord: 3.7ms)


Started GET "/api/v1/leads" for 127.0.0.1 at 2015-03-30 02:11:22 -0400
Processing by Api::V1::LeadsController#index as JSON
  [1m[35mLead Load (0.3ms)[0m  SELECT `leads`.* FROM `leads`
  [1m[36mCACHE (0.0ms)[0m  [1mSELECT `leads`.* FROM `leads`[0m
Completed 200 OK in 4ms (Views: 2.9ms | ActiveRecord: 0.3ms)


Started GET "/api/v1/leads" for 127.0.0.1 at 2015-03-30 02:11:33 -0400
Processing by Api::V1::LeadsController#index as JSON
  [1m[35mLead Load (0.3ms)[0m  SELECT `leads`.* FROM `leads`
  [1m[36mCACHE (0.0ms)[0m  [1mSELECT `leads`.* FROM `leads`[0m
Completed 200 OK in 6ms (Views: 3.3ms | ActiveRecord: 0.3ms)


Started GET "/api/v1/leads" for 127.0.0.1 at 2015-03-30 02:11:33 -0400
Processing by Api::V1::LeadsController#index as JSON
  [1m[35mLead Load (0.3ms)[0m  SELECT `leads`.* FROM `leads`
  [1m[36mCACHE (0.0ms)[0m  [1mSELECT `leads`.* FROM `leads`[0m
Completed 200 OK in 4ms (Views: 3.0ms | ActiveRecord: 0.3ms)


Started GET "/api/v1/leads" for 127.0.0.1 at 2015-03-30 02:11:35 -0400
Processing by Api::V1::LeadsController#index as JSON
  [1m[35mLead Load (0.3ms)[0m  SELECT `leads`.* FROM `leads`
  [1m[36mCACHE (0.0ms)[0m  [1mSELECT `leads`.* FROM `leads`[0m
Completed 200 OK in 4ms (Views: 2.9ms | ActiveRecord: 0.3ms)


Started GET "/api/v1/leads" for 127.0.0.1 at 2015-03-30 02:12:50 -0400
Processing by Api::V1::LeadsController#index as JSON
  [1m[35mLead Load (0.7ms)[0m  SELECT `leads`.* FROM `leads`
  [1m[36mCACHE (0.0ms)[0m  [1mSELECT `leads`.* FROM `leads`[0m
Completed 200 OK in 5ms (Views: 3.2ms | ActiveRecord: 0.7ms)


Started GET "/api/v1/leads" for 127.0.0.1 at 2015-03-30 02:12:50 -0400
Processing by Api::V1::LeadsController#index as JSON
  [1m[35mLead Load (0.3ms)[0m  SELECT `leads`.* FROM `leads`
  [1m[36mCACHE (0.0ms)[0m  [1mSELECT `leads`.* FROM `leads`[0m
Completed 200 OK in 4ms (Views: 3.0ms | ActiveRecord: 0.3ms)


Started GET "/api/v1/leads" for 127.0.0.1 at 2015-03-30 02:12:52 -0400
Processing by Api::V1::LeadsController#index as JSON
  [1m[35mLead Load (0.2ms)[0m  SELECT `leads`.* FROM `leads`
  [1m[36mCACHE (0.0ms)[0m  [1mSELECT `leads`.* FROM `leads`[0m
Completed 200 OK in 4ms (Views: 3.0ms | ActiveRecord: 0.2ms)


Started GET "/api/v1/leads" for 127.0.0.1 at 2015-03-30 02:13:18 -0400
Processing by Api::V1::LeadsController#index as JSON
  [1m[35mLead Load (6.6ms)[0m  SELECT `leads`.* FROM `leads`
  [1m[36mCACHE (0.0ms)[0m  [1mSELECT `leads`.* FROM `leads`[0m
Completed 200 OK in 11ms (Views: 3.3ms | ActiveRecord: 6.6ms)


Started GET "/api/v1/leads" for 127.0.0.1 at 2015-03-30 02:13:18 -0400
Processing by Api::V1::LeadsController#index as JSON
  [1m[35mLead Load (0.2ms)[0m  SELECT `leads`.* FROM `leads`
  [1m[36mCACHE (0.0ms)[0m  [1mSELECT `leads`.* FROM `leads`[0m
Completed 200 OK in 4ms (Views: 2.9ms | ActiveRecord: 0.2ms)


Started GET "/api/v1/leads" for 127.0.0.1 at 2015-03-30 02:13:20 -0400
Processing by Api::V1::LeadsController#index as JSON
  [1m[35mLead Load (0.2ms)[0m  SELECT `leads`.* FROM `leads`
  [1m[36mCACHE (0.0ms)[0m  [1mSELECT `leads`.* FROM `leads`[0m
Completed 200 OK in 4ms (Views: 3.0ms | ActiveRecord: 0.2ms)


Started GET "/api/v1/leads" for 127.0.0.1 at 2015-03-30 02:13:28 -0400
Processing by Api::V1::LeadsController#index as JSON
  [1m[35mLead Load (0.3ms)[0m  SELECT `leads`.* FROM `leads`
  [1m[36mCACHE (0.0ms)[0m  [1mSELECT `leads`.* FROM `leads`[0m
Completed 200 OK in 5ms (Views: 3.3ms | ActiveRecord: 0.3ms)


Started GET "/api/v1/leads" for 127.0.0.1 at 2015-03-30 02:13:28 -0400
Processing by Api::V1::LeadsController#index as JSON
  [1m[35mLead Load (0.3ms)[0m  SELECT `leads`.* FROM `leads`
  [1m[36mCACHE (0.0ms)[0m  [1mSELECT `leads`.* FROM `leads`[0m
Completed 200 OK in 5ms (Views: 3.2ms | ActiveRecord: 0.3ms)


Started GET "/api/v1/leads" for 127.0.0.1 at 2015-03-30 02:13:28 -0400
Processing by Api::V1::LeadsController#index as JSON
  [1m[35mLead Load (0.3ms)[0m  SELECT `leads`.* FROM `leads`
  [1m[36mCACHE (0.0ms)[0m  [1mSELECT `leads`.* FROM `leads`[0m
Completed 200 OK in 4ms (Views: 2.9ms | ActiveRecord: 0.3ms)


Started GET "/api/v1/leads" for 127.0.0.1 at 2015-03-30 02:13:37 -0400
Processing by Api::V1::LeadsController#index as JSON
  [1m[35mLead Load (2.8ms)[0m  SELECT `leads`.* FROM `leads`
  [1m[36mCACHE (0.0ms)[0m  [1mSELECT `leads`.* FROM `leads`[0m
Completed 200 OK in 13ms (Views: 7.2ms | ActiveRecord: 2.8ms)


Started GET "/api/v1/leads" for 127.0.0.1 at 2015-03-30 02:13:37 -0400
Processing by Api::V1::LeadsController#index as JSON
  [1m[35mLead Load (1.2ms)[0m  SELECT `leads`.* FROM `leads`
  [1m[36mCACHE (0.0ms)[0m  [1mSELECT `leads`.* FROM `leads`[0m
Completed 200 OK in 6ms (Views: 3.3ms | ActiveRecord: 1.2ms)


Started GET "/api/v1/leads" for 127.0.0.1 at 2015-03-30 02:13:38 -0400
Processing by Api::V1::LeadsController#index as JSON
  [1m[35mLead Load (0.2ms)[0m  SELECT `leads`.* FROM `leads`
  [1m[36mCACHE (0.0ms)[0m  [1mSELECT `leads`.* FROM `leads`[0m
Completed 200 OK in 4ms (Views: 2.8ms | ActiveRecord: 0.2ms)


Started GET "/api/v1/leads" for 127.0.0.1 at 2015-03-30 02:14:20 -0400
Processing by Api::V1::LeadsController#index as JSON
  [1m[35mLead Load (1.7ms)[0m  SELECT `leads`.* FROM `leads`
  [1m[36mCACHE (0.0ms)[0m  [1mSELECT `leads`.* FROM `leads`[0m
Completed 200 OK in 11ms (Views: 5.4ms | ActiveRecord: 1.7ms)


Started GET "/api/v1/leads" for 127.0.0.1 at 2015-03-30 02:14:20 -0400
Processing by Api::V1::LeadsController#index as JSON
  [1m[35mLead Load (0.5ms)[0m  SELECT `leads`.* FROM `leads`
  [1m[36mCACHE (0.0ms)[0m  [1mSELECT `leads`.* FROM `leads`[0m
Completed 200 OK in 9ms (Views: 7.5ms | ActiveRecord: 0.5ms)


Started GET "/api/v1/leads" for 127.0.0.1 at 2015-03-30 02:14:20 -0400
Processing by Api::V1::LeadsController#index as JSON
  [1m[35mLead Load (1.4ms)[0m  SELECT `leads`.* FROM `leads`
  [1m[36mCACHE (0.0ms)[0m  [1mSELECT `leads`.* FROM `leads`[0m
Completed 200 OK in 7ms (Views: 4.4ms | ActiveRecord: 1.4ms)


Started GET "/api/v1/leads" for 127.0.0.1 at 2015-03-30 02:14:34 -0400
Processing by Api::V1::LeadsController#index as JSON
  [1m[35mLead Load (0.3ms)[0m  SELECT `leads`.* FROM `leads`
  [1m[36mCACHE (0.0ms)[0m  [1mSELECT `leads`.* FROM `leads`[0m
Completed 200 OK in 6ms (Views: 3.2ms | ActiveRecord: 0.3ms)


Started GET "/api/v1/leads" for 127.0.0.1 at 2015-03-30 02:14:34 -0400
Processing by Api::V1::LeadsController#index as JSON
  [1m[35mLead Load (0.3ms)[0m  SELECT `leads`.* FROM `leads`
  [1m[36mCACHE (0.0ms)[0m  [1mSELECT `leads`.* FROM `leads`[0m
Completed 200 OK in 4ms (Views: 2.9ms | ActiveRecord: 0.3ms)


Started GET "/api/v1/leads" for 127.0.0.1 at 2015-03-30 02:14:37 -0400
Processing by Api::V1::LeadsController#index as JSON
  [1m[35mLead Load (0.3ms)[0m  SELECT `leads`.* FROM `leads`
  [1m[36mCACHE (0.0ms)[0m  [1mSELECT `leads`.* FROM `leads`[0m
Completed 200 OK in 4ms (Views: 3.1ms | ActiveRecord: 0.3ms)


Started GET "/assets/frontend.css" for 127.0.0.1 at 2015-03-30 02:17:01 -0400

ActionController::RoutingError (No route matches [GET] "/assets/frontend.css"):
  actionpack (4.2.1) lib/action_dispatch/middleware/debug_exceptions.rb:21:in `call'
  web-console (2.1.2) lib/web_console/middleware.rb:37:in `call'
  actionpack (4.2.1) lib/action_dispatch/middleware/show_exceptions.rb:30:in `call'
  railties (4.2.1) lib/rails/rack/logger.rb:38:in `call_app'
  railties (4.2.1) lib/rails/rack/logger.rb:20:in `block in call'
  activesupport (4.2.1) lib/active_support/tagged_logging.rb:68:in `block in tagged'
  activesupport (4.2.1) lib/active_support/tagged_logging.rb:26:in `tagged'
  activesupport (4.2.1) lib/active_support/tagged_logging.rb:68:in `tagged'
  railties (4.2.1) lib/rails/rack/logger.rb:20:in `call'
  actionpack (4.2.1) lib/action_dispatch/middleware/request_id.rb:21:in `call'
  rack (1.6.0) lib/rack/methodoverride.rb:22:in `call'
  rack (1.6.0) lib/rack/runtime.rb:18:in `call'
  activesupport (4.2.1) lib/active_support/cache/strategy/local_cache_middleware.rb:28:in `call'
  rack (1.6.0) lib/rack/lock.rb:17:in `call'
  actionpack (4.2.1) lib/action_dispatch/middleware/static.rb:113:in `call'
  rack (1.6.0) lib/rack/sendfile.rb:113:in `call'
  railties (4.2.1) lib/rails/engine.rb:518:in `call'
  railties (4.2.1) lib/rails/application.rb:164:in `call'
  rack (1.6.0) lib/rack/lock.rb:17:in `call'
  rack (1.6.0) lib/rack/content_length.rb:15:in `call'
  rack (1.6.0) lib/rack/handler/webrick.rb:89:in `service'
  /Users/kevin/.rvm/rubies/ruby-2.2.1/lib/ruby/2.2.0/webrick/httpserver.rb:138:in `service'
  /Users/kevin/.rvm/rubies/ruby-2.2.1/lib/ruby/2.2.0/webrick/httpserver.rb:94:in `run'
  /Users/kevin/.rvm/rubies/ruby-2.2.1/lib/ruby/2.2.0/webrick/server.rb:294:in `block in start_thread'


  Rendered /Users/kevin/.rvm/gems/ruby-2.2.1/gems/actionpack-4.2.1/lib/action_dispatch/middleware/templates/rescues/_trace.html.erb (1.3ms)
  Rendered /Users/kevin/.rvm/gems/ruby-2.2.1/gems/actionpack-4.2.1/lib/action_dispatch/middleware/templates/routes/_route.html.erb (0.9ms)
  Rendered /Users/kevin/.rvm/gems/ruby-2.2.1/gems/actionpack-4.2.1/lib/action_dispatch/middleware/templates/routes/_table.html.erb (1.1ms)
  Rendered /Users/kevin/.rvm/gems/ruby-2.2.1/gems/actionpack-4.2.1/lib/action_dispatch/middleware/templates/rescues/_request_and_response.html.erb (1.3ms)
  Rendered /Users/kevin/.rvm/gems/ruby-2.2.1/gems/actionpack-4.2.1/lib/action_dispatch/middleware/templates/rescues/routing_error.html.erb within rescues/layout (62.6ms)
  Rendered /Users/kevin/.rvm/gems/ruby-2.2.1/gems/web-console-2.1.2/lib/web_console/templates/_markup.html.erb (1.0ms)
  Rendered /Users/kevin/.rvm/gems/ruby-2.2.1/gems/web-console-2.1.2/lib/web_console/templates/style.css.erb within layouts/inlined_string (0.3ms)
  Rendered /Users/kevin/.rvm/gems/ruby-2.2.1/gems/web-console-2.1.2/lib/web_console/templates/_inner_console_markup.html.erb within layouts/inlined_string (0.3ms)
  Rendered /Users/kevin/.rvm/gems/ruby-2.2.1/gems/web-console-2.1.2/lib/web_console/templates/_prompt_box_markup.html.erb within layouts/inlined_string (0.3ms)
  Rendered /Users/kevin/.rvm/gems/ruby-2.2.1/gems/web-console-2.1.2/lib/web_console/templates/console.js.erb within layouts/javascript (48.4ms)
  Rendered /Users/kevin/.rvm/gems/ruby-2.2.1/gems/web-console-2.1.2/lib/web_console/templates/main.js.erb within layouts/javascript (0.3ms)
  Rendered /Users/kevin/.rvm/gems/ruby-2.2.1/gems/web-console-2.1.2/lib/web_console/templates/error_page.js.erb within layouts/javascript (0.4ms)
  Rendered /Users/kevin/.rvm/gems/ruby-2.2.1/gems/web-console-2.1.2/lib/web_console/templates/index.html.erb (109.5ms)


Started GET "/assets/frontend.css" for 127.0.0.1 at 2015-03-30 02:17:01 -0400

ActionController::RoutingError (No route matches [GET] "/assets/frontend.css"):
  actionpack (4.2.1) lib/action_dispatch/middleware/debug_exceptions.rb:21:in `call'
  web-console (2.1.2) lib/web_console/middleware.rb:37:in `call'
  actionpack (4.2.1) lib/action_dispatch/middleware/show_exceptions.rb:30:in `call'
  railties (4.2.1) lib/rails/rack/logger.rb:38:in `call_app'
  railties (4.2.1) lib/rails/rack/logger.rb:20:in `block in call'
  activesupport (4.2.1) lib/active_support/tagged_logging.rb:68:in `block in tagged'
  activesupport (4.2.1) lib/active_support/tagged_logging.rb:26:in `tagged'
  activesupport (4.2.1) lib/active_support/tagged_logging.rb:68:in `tagged'
  railties (4.2.1) lib/rails/rack/logger.rb:20:in `call'
  actionpack (4.2.1) lib/action_dispatch/middleware/request_id.rb:21:in `call'
  rack (1.6.0) lib/rack/methodoverride.rb:22:in `call'
  rack (1.6.0) lib/rack/runtime.rb:18:in `call'
  activesupport (4.2.1) lib/active_support/cache/strategy/local_cache_middleware.rb:28:in `call'
  rack (1.6.0) lib/rack/lock.rb:17:in `call'
  actionpack (4.2.1) lib/action_dispatch/middleware/static.rb:113:in `call'
  rack (1.6.0) lib/rack/sendfile.rb:113:in `call'
  railties (4.2.1) lib/rails/engine.rb:518:in `call'
  railties (4.2.1) lib/rails/application.rb:164:in `call'
  rack (1.6.0) lib/rack/lock.rb:17:in `call'
  rack (1.6.0) lib/rack/content_length.rb:15:in `call'
  rack (1.6.0) lib/rack/handler/webrick.rb:89:in `service'
  /Users/kevin/.rvm/rubies/ruby-2.2.1/lib/ruby/2.2.0/webrick/httpserver.rb:138:in `service'
  /Users/kevin/.rvm/rubies/ruby-2.2.1/lib/ruby/2.2.0/webrick/httpserver.rb:94:in `run'
  /Users/kevin/.rvm/rubies/ruby-2.2.1/lib/ruby/2.2.0/webrick/server.rb:294:in `block in start_thread'


  Rendered /Users/kevin/.rvm/gems/ruby-2.2.1/gems/actionpack-4.2.1/lib/action_dispatch/middleware/templates/rescues/_trace.html.erb (1.2ms)
  Rendered /Users/kevin/.rvm/gems/ruby-2.2.1/gems/actionpack-4.2.1/lib/action_dispatch/middleware/templates/routes/_route.html.erb (0.9ms)
  Rendered /Users/kevin/.rvm/gems/ruby-2.2.1/gems/actionpack-4.2.1/lib/action_dispatch/middleware/templates/routes/_table.html.erb (1.2ms)
  Rendered /Users/kevin/.rvm/gems/ruby-2.2.1/gems/actionpack-4.2.1/lib/action_dispatch/middleware/templates/rescues/_request_and_response.html.erb (1.2ms)
  Rendered /Users/kevin/.rvm/gems/ruby-2.2.1/gems/actionpack-4.2.1/lib/action_dispatch/middleware/templates/rescues/routing_error.html.erb within rescues/layout (56.4ms)
  Rendered /Users/kevin/.rvm/gems/ruby-2.2.1/gems/web-console-2.1.2/lib/web_console/templates/_markup.html.erb (0.4ms)
  Rendered /Users/kevin/.rvm/gems/ruby-2.2.1/gems/web-console-2.1.2/lib/web_console/templates/style.css.erb within layouts/inlined_string (0.4ms)
  Rendered /Users/kevin/.rvm/gems/ruby-2.2.1/gems/web-console-2.1.2/lib/web_console/templates/_inner_console_markup.html.erb within layouts/inlined_string (0.5ms)
  Rendered /Users/kevin/.rvm/gems/ruby-2.2.1/gems/web-console-2.1.2/lib/web_console/templates/_prompt_box_markup.html.erb within layouts/inlined_string (0.3ms)
  Rendered /Users/kevin/.rvm/gems/ruby-2.2.1/gems/web-console-2.1.2/lib/web_console/templates/console.js.erb within layouts/javascript (39.1ms)
  Rendered /Users/kevin/.rvm/gems/ruby-2.2.1/gems/web-console-2.1.2/lib/web_console/templates/main.js.erb within layouts/javascript (0.4ms)
  Rendered /Users/kevin/.rvm/gems/ruby-2.2.1/gems/web-console-2.1.2/lib/web_console/templates/error_page.js.erb within layouts/javascript (0.6ms)
  Rendered /Users/kevin/.rvm/gems/ruby-2.2.1/gems/web-console-2.1.2/lib/web_console/templates/index.html.erb (84.8ms)


Started GET "/assets/frontend.css" for 127.0.0.1 at 2015-03-30 02:17:01 -0400

ActionController::RoutingError (No route matches [GET] "/assets/frontend.css"):
  actionpack (4.2.1) lib/action_dispatch/middleware/debug_exceptions.rb:21:in `call'
  web-console (2.1.2) lib/web_console/middleware.rb:37:in `call'
  actionpack (4.2.1) lib/action_dispatch/middleware/show_exceptions.rb:30:in `call'
  railties (4.2.1) lib/rails/rack/logger.rb:38:in `call_app'
  railties (4.2.1) lib/rails/rack/logger.rb:20:in `block in call'
  activesupport (4.2.1) lib/active_support/tagged_logging.rb:68:in `block in tagged'
  activesupport (4.2.1) lib/active_support/tagged_logging.rb:26:in `tagged'
  activesupport (4.2.1) lib/active_support/tagged_logging.rb:68:in `tagged'
  railties (4.2.1) lib/rails/rack/logger.rb:20:in `call'
  actionpack (4.2.1) lib/action_dispatch/middleware/request_id.rb:21:in `call'
  rack (1.6.0) lib/rack/methodoverride.rb:22:in `call'
  rack (1.6.0) lib/rack/runtime.rb:18:in `call'
  activesupport (4.2.1) lib/active_support/cache/strategy/local_cache_middleware.rb:28:in `call'
  rack (1.6.0) lib/rack/lock.rb:17:in `call'
  actionpack (4.2.1) lib/action_dispatch/middleware/static.rb:113:in `call'
  rack (1.6.0) lib/rack/sendfile.rb:113:in `call'
  railties (4.2.1) lib/rails/engine.rb:518:in `call'
  railties (4.2.1) lib/rails/application.rb:164:in `call'
  rack (1.6.0) lib/rack/lock.rb:17:in `call'
  rack (1.6.0) lib/rack/content_length.rb:15:in `call'
  rack (1.6.0) lib/rack/handler/webrick.rb:89:in `service'
  /Users/kevin/.rvm/rubies/ruby-2.2.1/lib/ruby/2.2.0/webrick/httpserver.rb:138:in `service'
  /Users/kevin/.rvm/rubies/ruby-2.2.1/lib/ruby/2.2.0/webrick/httpserver.rb:94:in `run'
  /Users/kevin/.rvm/rubies/ruby-2.2.1/lib/ruby/2.2.0/webrick/server.rb:294:in `block in start_thread'


  Rendered /Users/kevin/.rvm/gems/ruby-2.2.1/gems/actionpack-4.2.1/lib/action_dispatch/middleware/templates/rescues/_trace.html.erb (1.4ms)
  Rendered /Users/kevin/.rvm/gems/ruby-2.2.1/gems/actionpack-4.2.1/lib/action_dispatch/middleware/templates/routes/_route.html.erb (0.9ms)
  Rendered /Users/kevin/.rvm/gems/ruby-2.2.1/gems/actionpack-4.2.1/lib/action_dispatch/middleware/templates/routes/_table.html.erb (1.6ms)
  Rendered /Users/kevin/.rvm/gems/ruby-2.2.1/gems/actionpack-4.2.1/lib/action_dispatch/middleware/templates/rescues/_request_and_response.html.erb (1.1ms)
  Rendered /Users/kevin/.rvm/gems/ruby-2.2.1/gems/actionpack-4.2.1/lib/action_dispatch/middleware/templates/rescues/routing_error.html.erb within rescues/layout (55.6ms)
  Rendered /Users/kevin/.rvm/gems/ruby-2.2.1/gems/web-console-2.1.2/lib/web_console/templates/_markup.html.erb (0.4ms)
  Rendered /Users/kevin/.rvm/gems/ruby-2.2.1/gems/web-console-2.1.2/lib/web_console/templates/style.css.erb within layouts/inlined_string (0.4ms)
  Rendered /Users/kevin/.rvm/gems/ruby-2.2.1/gems/web-console-2.1.2/lib/web_console/templates/_inner_console_markup.html.erb within layouts/inlined_string (0.3ms)
  Rendered /Users/kevin/.rvm/gems/ruby-2.2.1/gems/web-console-2.1.2/lib/web_console/templates/_prompt_box_markup.html.erb within layouts/inlined_string (0.4ms)
  Rendered /Users/kevin/.rvm/gems/ruby-2.2.1/gems/web-console-2.1.2/lib/web_console/templates/console.js.erb within layouts/javascript (39.0ms)
  Rendered /Users/kevin/.rvm/gems/ruby-2.2.1/gems/web-console-2.1.2/lib/web_console/templates/main.js.erb within layouts/javascript (0.2ms)
  Rendered /Users/kevin/.rvm/gems/ruby-2.2.1/gems/web-console-2.1.2/lib/web_console/templates/error_page.js.erb within layouts/javascript (0.3ms)
  Rendered /Users/kevin/.rvm/gems/ruby-2.2.1/gems/web-console-2.1.2/lib/web_console/templates/index.html.erb (82.0ms)


Started GET "/api/v1/leads" for 127.0.0.1 at 2015-03-30 02:17:02 -0400
Processing by Api::V1::LeadsController#index as JSON
  [1m[35mLead Load (0.3ms)[0m  SELECT `leads`.* FROM `leads`
  [1m[36mCACHE (0.0ms)[0m  [1mSELECT `leads`.* FROM `leads`[0m
Completed 200 OK in 5ms (Views: 3.4ms | ActiveRecord: 0.3ms)


Started GET "/api/v1/leads" for 127.0.0.1 at 2015-03-30 02:17:02 -0400
Processing by Api::V1::LeadsController#index as JSON
  [1m[35mLead Load (0.6ms)[0m  SELECT `leads`.* FROM `leads`
  [1m[36mCACHE (0.2ms)[0m  [1mSELECT `leads`.* FROM `leads`[0m
Completed 200 OK in 5ms (Views: 3.2ms | ActiveRecord: 0.7ms)


Started GET "/api/v1/leads" for 127.0.0.1 at 2015-03-30 02:17:02 -0400
Processing by Api::V1::LeadsController#index as JSON
  [1m[35mLead Load (0.3ms)[0m  SELECT `leads`.* FROM `leads`
  [1m[36mCACHE (0.0ms)[0m  [1mSELECT `leads`.* FROM `leads`[0m
Completed 200 OK in 5ms (Views: 3.4ms | ActiveRecord: 0.4ms)


Started GET "/assets/frontend.css" for 127.0.0.1 at 2015-03-30 02:17:17 -0400

ActionController::RoutingError (No route matches [GET] "/assets/frontend.css"):
  actionpack (4.2.1) lib/action_dispatch/middleware/debug_exceptions.rb:21:in `call'
  web-console (2.1.2) lib/web_console/middleware.rb:37:in `call'
  actionpack (4.2.1) lib/action_dispatch/middleware/show_exceptions.rb:30:in `call'
  railties (4.2.1) lib/rails/rack/logger.rb:38:in `call_app'
  railties (4.2.1) lib/rails/rack/logger.rb:20:in `block in call'
  activesupport (4.2.1) lib/active_support/tagged_logging.rb:68:in `block in tagged'
  activesupport (4.2.1) lib/active_support/tagged_logging.rb:26:in `tagged'
  activesupport (4.2.1) lib/active_support/tagged_logging.rb:68:in `tagged'
  railties (4.2.1) lib/rails/rack/logger.rb:20:in `call'
  actionpack (4.2.1) lib/action_dispatch/middleware/request_id.rb:21:in `call'
  rack (1.6.0) lib/rack/methodoverride.rb:22:in `call'
  rack (1.6.0) lib/rack/runtime.rb:18:in `call'
  activesupport (4.2.1) lib/active_support/cache/strategy/local_cache_middleware.rb:28:in `call'
  rack (1.6.0) lib/rack/lock.rb:17:in `call'
  actionpack (4.2.1) lib/action_dispatch/middleware/static.rb:113:in `call'
  rack (1.6.0) lib/rack/sendfile.rb:113:in `call'
  railties (4.2.1) lib/rails/engine.rb:518:in `call'
  railties (4.2.1) lib/rails/application.rb:164:in `call'
  rack (1.6.0) lib/rack/lock.rb:17:in `call'
  rack (1.6.0) lib/rack/content_length.rb:15:in `call'
  rack (1.6.0) lib/rack/handler/webrick.rb:89:in `service'
  /Users/kevin/.rvm/rubies/ruby-2.2.1/lib/ruby/2.2.0/webrick/httpserver.rb:138:in `service'
  /Users/kevin/.rvm/rubies/ruby-2.2.1/lib/ruby/2.2.0/webrick/httpserver.rb:94:in `run'
  /Users/kevin/.rvm/rubies/ruby-2.2.1/lib/ruby/2.2.0/webrick/server.rb:294:in `block in start_thread'


  Rendered /Users/kevin/.rvm/gems/ruby-2.2.1/gems/actionpack-4.2.1/lib/action_dispatch/middleware/templates/rescues/_trace.html.erb (1.5ms)
  Rendered /Users/kevin/.rvm/gems/ruby-2.2.1/gems/actionpack-4.2.1/lib/action_dispatch/middleware/templates/routes/_route.html.erb (1.1ms)
  Rendered /Users/kevin/.rvm/gems/ruby-2.2.1/gems/actionpack-4.2.1/lib/action_dispatch/middleware/templates/routes/_table.html.erb (3.4ms)
  Rendered /Users/kevin/.rvm/gems/ruby-2.2.1/gems/actionpack-4.2.1/lib/action_dispatch/middleware/templates/rescues/_request_and_response.html.erb (1.7ms)
  Rendered /Users/kevin/.rvm/gems/ruby-2.2.1/gems/actionpack-4.2.1/lib/action_dispatch/middleware/templates/rescues/routing_error.html.erb within rescues/layout (70.2ms)
  Rendered /Users/kevin/.rvm/gems/ruby-2.2.1/gems/web-console-2.1.2/lib/web_console/templates/_markup.html.erb (0.4ms)
  Rendered /Users/kevin/.rvm/gems/ruby-2.2.1/gems/web-console-2.1.2/lib/web_console/templates/style.css.erb within layouts/inlined_string (0.6ms)
  Rendered /Users/kevin/.rvm/gems/ruby-2.2.1/gems/web-console-2.1.2/lib/web_console/templates/_inner_console_markup.html.erb within layouts/inlined_string (0.3ms)
  Rendered /Users/kevin/.rvm/gems/ruby-2.2.1/gems/web-console-2.1.2/lib/web_console/templates/_prompt_box_markup.html.erb within layouts/inlined_string (0.4ms)
  Rendered /Users/kevin/.rvm/gems/ruby-2.2.1/gems/web-console-2.1.2/lib/web_console/templates/console.js.erb within layouts/javascript (41.1ms)
  Rendered /Users/kevin/.rvm/gems/ruby-2.2.1/gems/web-console-2.1.2/lib/web_console/templates/main.js.erb within layouts/javascript (0.3ms)
  Rendered /Users/kevin/.rvm/gems/ruby-2.2.1/gems/web-console-2.1.2/lib/web_console/templates/error_page.js.erb within layouts/javascript (0.4ms)
  Rendered /Users/kevin/.rvm/gems/ruby-2.2.1/gems/web-console-2.1.2/lib/web_console/templates/index.html.erb (102.8ms)


Started GET "/assets/frontend.css" for 127.0.0.1 at 2015-03-30 02:17:17 -0400

ActionController::RoutingError (No route matches [GET] "/assets/frontend.css"):
  actionpack (4.2.1) lib/action_dispatch/middleware/debug_exceptions.rb:21:in `call'
  web-console (2.1.2) lib/web_console/middleware.rb:37:in `call'
  actionpack (4.2.1) lib/action_dispatch/middleware/show_exceptions.rb:30:in `call'
  railties (4.2.1) lib/rails/rack/logger.rb:38:in `call_app'
  railties (4.2.1) lib/rails/rack/logger.rb:20:in `block in call'
  activesupport (4.2.1) lib/active_support/tagged_logging.rb:68:in `block in tagged'
  activesupport (4.2.1) lib/active_support/tagged_logging.rb:26:in `tagged'
  activesupport (4.2.1) lib/active_support/tagged_logging.rb:68:in `tagged'
  railties (4.2.1) lib/rails/rack/logger.rb:20:in `call'
  actionpack (4.2.1) lib/action_dispatch/middleware/request_id.rb:21:in `call'
  rack (1.6.0) lib/rack/methodoverride.rb:22:in `call'
  rack (1.6.0) lib/rack/runtime.rb:18:in `call'
  activesupport (4.2.1) lib/active_support/cache/strategy/local_cache_middleware.rb:28:in `call'
  rack (1.6.0) lib/rack/lock.rb:17:in `call'
  actionpack (4.2.1) lib/action_dispatch/middleware/static.rb:113:in `call'
  rack (1.6.0) lib/rack/sendfile.rb:113:in `call'
  railties (4.2.1) lib/rails/engine.rb:518:in `call'
  railties (4.2.1) lib/rails/application.rb:164:in `call'
  rack (1.6.0) lib/rack/lock.rb:17:in `call'
  rack (1.6.0) lib/rack/content_length.rb:15:in `call'
  rack (1.6.0) lib/rack/handler/webrick.rb:89:in `service'
  /Users/kevin/.rvm/rubies/ruby-2.2.1/lib/ruby/2.2.0/webrick/httpserver.rb:138:in `service'
  /Users/kevin/.rvm/rubies/ruby-2.2.1/lib/ruby/2.2.0/webrick/httpserver.rb:94:in `run'
  /Users/kevin/.rvm/rubies/ruby-2.2.1/lib/ruby/2.2.0/webrick/server.rb:294:in `block in start_thread'


  Rendered /Users/kevin/.rvm/gems/ruby-2.2.1/gems/actionpack-4.2.1/lib/action_dispatch/middleware/templates/rescues/_trace.html.erb (2.3ms)
  Rendered /Users/kevin/.rvm/gems/ruby-2.2.1/gems/actionpack-4.2.1/lib/action_dispatch/middleware/templates/routes/_route.html.erb (1.7ms)
  Rendered /Users/kevin/.rvm/gems/ruby-2.2.1/gems/actionpack-4.2.1/lib/action_dispatch/middleware/templates/routes/_table.html.erb (9.4ms)
  Rendered /Users/kevin/.rvm/gems/ruby-2.2.1/gems/actionpack-4.2.1/lib/action_dispatch/middleware/templates/rescues/_request_and_response.html.erb (1.0ms)
  Rendered /Users/kevin/.rvm/gems/ruby-2.2.1/gems/actionpack-4.2.1/lib/action_dispatch/middleware/templates/rescues/routing_error.html.erb within rescues/layout (68.1ms)
  Rendered /Users/kevin/.rvm/gems/ruby-2.2.1/gems/web-console-2.1.2/lib/web_console/templates/_markup.html.erb (0.4ms)
  Rendered /Users/kevin/.rvm/gems/ruby-2.2.1/gems/web-console-2.1.2/lib/web_console/templates/style.css.erb within layouts/inlined_string (0.4ms)
  Rendered /Users/kevin/.rvm/gems/ruby-2.2.1/gems/web-console-2.1.2/lib/web_console/templates/_inner_console_markup.html.erb within layouts/inlined_string (0.3ms)
  Rendered /Users/kevin/.rvm/gems/ruby-2.2.1/gems/web-console-2.1.2/lib/web_console/templates/_prompt_box_markup.html.erb within layouts/inlined_string (0.3ms)
  Rendered /Users/kevin/.rvm/gems/ruby-2.2.1/gems/web-console-2.1.2/lib/web_console/templates/console.js.erb within layouts/javascript (41.8ms)
  Rendered /Users/kevin/.rvm/gems/ruby-2.2.1/gems/web-console-2.1.2/lib/web_console/templates/main.js.erb within layouts/javascript (0.3ms)
  Rendered /Users/kevin/.rvm/gems/ruby-2.2.1/gems/web-console-2.1.2/lib/web_console/templates/error_page.js.erb within layouts/javascript (0.4ms)
  Rendered /Users/kevin/.rvm/gems/ruby-2.2.1/gems/web-console-2.1.2/lib/web_console/templates/index.html.erb (85.3ms)


Started GET "/assets/frontend.css" for 127.0.0.1 at 2015-03-30 02:17:17 -0400

ActionController::RoutingError (No route matches [GET] "/assets/frontend.css"):
  actionpack (4.2.1) lib/action_dispatch/middleware/debug_exceptions.rb:21:in `call'
  web-console (2.1.2) lib/web_console/middleware.rb:37:in `call'
  actionpack (4.2.1) lib/action_dispatch/middleware/show_exceptions.rb:30:in `call'
  railties (4.2.1) lib/rails/rack/logger.rb:38:in `call_app'
  railties (4.2.1) lib/rails/rack/logger.rb:20:in `block in call'
  activesupport (4.2.1) lib/active_support/tagged_logging.rb:68:in `block in tagged'
  activesupport (4.2.1) lib/active_support/tagged_logging.rb:26:in `tagged'
  activesupport (4.2.1) lib/active_support/tagged_logging.rb:68:in `tagged'
  railties (4.2.1) lib/rails/rack/logger.rb:20:in `call'
  actionpack (4.2.1) lib/action_dispatch/middleware/request_id.rb:21:in `call'
  rack (1.6.0) lib/rack/methodoverride.rb:22:in `call'
  rack (1.6.0) lib/rack/runtime.rb:18:in `call'
  activesupport (4.2.1) lib/active_support/cache/strategy/local_cache_middleware.rb:28:in `call'
  rack (1.6.0) lib/rack/lock.rb:17:in `call'
  actionpack (4.2.1) lib/action_dispatch/middleware/static.rb:113:in `call'
  rack (1.6.0) lib/rack/sendfile.rb:113:in `call'
  railties (4.2.1) lib/rails/engine.rb:518:in `call'
  railties (4.2.1) lib/rails/application.rb:164:in `call'
  rack (1.6.0) lib/rack/lock.rb:17:in `call'
  rack (1.6.0) lib/rack/content_length.rb:15:in `call'
  rack (1.6.0) lib/rack/handler/webrick.rb:89:in `service'
  /Users/kevin/.rvm/rubies/ruby-2.2.1/lib/ruby/2.2.0/webrick/httpserver.rb:138:in `service'
  /Users/kevin/.rvm/rubies/ruby-2.2.1/lib/ruby/2.2.0/webrick/httpserver.rb:94:in `run'
  /Users/kevin/.rvm/rubies/ruby-2.2.1/lib/ruby/2.2.0/webrick/server.rb:294:in `block in start_thread'


  Rendered /Users/kevin/.rvm/gems/ruby-2.2.1/gems/actionpack-4.2.1/lib/action_dispatch/middleware/templates/rescues/_trace.html.erb (1.1ms)
  Rendered /Users/kevin/.rvm/gems/ruby-2.2.1/gems/actionpack-4.2.1/lib/action_dispatch/middleware/templates/routes/_route.html.erb (0.8ms)
  Rendered /Users/kevin/.rvm/gems/ruby-2.2.1/gems/actionpack-4.2.1/lib/action_dispatch/middleware/templates/routes/_table.html.erb (1.1ms)
  Rendered /Users/kevin/.rvm/gems/ruby-2.2.1/gems/actionpack-4.2.1/lib/action_dispatch/middleware/templates/rescues/_request_and_response.html.erb (1.0ms)
  Rendered /Users/kevin/.rvm/gems/ruby-2.2.1/gems/actionpack-4.2.1/lib/action_dispatch/middleware/templates/rescues/routing_error.html.erb within rescues/layout (53.6ms)
  Rendered /Users/kevin/.rvm/gems/ruby-2.2.1/gems/web-console-2.1.2/lib/web_console/templates/_markup.html.erb (0.3ms)
  Rendered /Users/kevin/.rvm/gems/ruby-2.2.1/gems/web-console-2.1.2/lib/web_console/templates/style.css.erb within layouts/inlined_string (0.3ms)
  Rendered /Users/kevin/.rvm/gems/ruby-2.2.1/gems/web-console-2.1.2/lib/web_console/templates/_inner_console_markup.html.erb within layouts/inlined_string (0.3ms)
  Rendered /Users/kevin/.rvm/gems/ruby-2.2.1/gems/web-console-2.1.2/lib/web_console/templates/_prompt_box_markup.html.erb within layouts/inlined_string (0.3ms)
  Rendered /Users/kevin/.rvm/gems/ruby-2.2.1/gems/web-console-2.1.2/lib/web_console/templates/console.js.erb within layouts/javascript (34.8ms)
  Rendered /Users/kevin/.rvm/gems/ruby-2.2.1/gems/web-console-2.1.2/lib/web_console/templates/main.js.erb within layouts/javascript (0.3ms)
  Rendered /Users/kevin/.rvm/gems/ruby-2.2.1/gems/web-console-2.1.2/lib/web_console/templates/error_page.js.erb within layouts/javascript (0.4ms)
  Rendered /Users/kevin/.rvm/gems/ruby-2.2.1/gems/web-console-2.1.2/lib/web_console/templates/index.html.erb (76.4ms)


Started GET "/api/v1/leads" for 127.0.0.1 at 2015-03-30 02:17:18 -0400
Processing by Api::V1::LeadsController#index as JSON
  [1m[35mLead Load (0.3ms)[0m  SELECT `leads`.* FROM `leads`
  [1m[36mCACHE (0.0ms)[0m  [1mSELECT `leads`.* FROM `leads`[0m
Completed 200 OK in 4ms (Views: 2.8ms | ActiveRecord: 0.3ms)


Started GET "/api/v1/leads" for 127.0.0.1 at 2015-03-30 02:17:18 -0400
Processing by Api::V1::LeadsController#index as JSON
  [1m[35mLead Load (0.4ms)[0m  SELECT `leads`.* FROM `leads`
  [1m[36mCACHE (0.0ms)[0m  [1mSELECT `leads`.* FROM `leads`[0m
Completed 200 OK in 4ms (Views: 2.7ms | ActiveRecord: 0.4ms)


Started GET "/api/v1/leads" for 127.0.0.1 at 2015-03-30 02:17:18 -0400
Processing by Api::V1::LeadsController#index as JSON
  [1m[35mLead Load (0.3ms)[0m  SELECT `leads`.* FROM `leads`
  [1m[36mCACHE (0.0ms)[0m  [1mSELECT `leads`.* FROM `leads`[0m
Completed 200 OK in 4ms (Views: 2.6ms | ActiveRecord: 0.3ms)


Started GET "/" for ::1 at 2015-03-31 21:26:29 -0400
Processing by Rails::WelcomeController#index as HTML
  Rendered /Users/kevin/.rvm/gems/ruby-2.2.1/gems/railties-4.2.1/lib/rails/templates/rails/welcome/index.html.erb (0.1ms)
Completed 200 OK in 3ms (Views: 3.4ms | ActiveRecord: 0.0ms)
